#
# A fatal error has been detected by the Java Runtime Environment:
#
#  SIGSEGV (0xb) at pc=0x00007f5ff7ccb828, pid=408071, tid=408099
#
# JRE version: OpenJDK Runtime Environment 18.9 (11.0.14+8) (build 11.0.14+8)
# Java VM: OpenJDK 64-Bit Server VM 18.9 (11.0.14+8, mixed mode, tiered, compressed oops, g1 gc, linux-amd64)
# Problematic frame:
# V  [libjvm.so+0x88e828]
#
# Core dump will be written. Default location: Core dumps may be processed with "/usr/lib/systemd/systemd-coredump %P %u %g %s %t %c %h" (or dumping to /home/marthinus/.var/app/com.visualstudio.code/data/tmc/vscode/mooc-java-programming-i/part05-Part05_06.OverloadedCounter/core.408071)
#
# If you would like to submit a bug report, please visit:
#   https://bugreport.java.com/bugreport/crash.jsp
#

---------------  S U M M A R Y ------------

Command Line: -Dclassworlds.conf=/usr/lib/sdk/openjdk11/maven/bin/m2.conf -Dmaven.home=/usr/lib/sdk/openjdk11/maven -Dlibrary.jansi.path=/usr/lib/sdk/openjdk11/maven/lib/jansi-native -Dmaven.multiModuleProjectDirectory=/home/marthinus/.var/app/com.visualstudio.code/data/tmc/vscode/mooc-java-programming-i/part05-Part05_06.OverloadedCounter org.codehaus.plexus.classworlds.launcher.Launcher --batch-mode clean compile test-compile

Host: Intel(R) Core(TM) i7-7700K CPU @ 4.20GHz, 8 cores, 31G, Freedesktop.org 21.08.14 (Flatpak runtime)
Time: Fri Jul 22 22:40:12 2022 CAT elapsed time: 0.161220 seconds (0d 0h 0m 0s)

---------------  T H R E A D  ---------------

Current thread (0x00007f5ff0016800):  JavaThread "main" [_thread_in_vm, id=408099, stack(0x00007f5ff6fa9000,0x00007f5ff70aa000)]

Stack: [0x00007f5ff6fa9000,0x00007f5ff70aa000],  sp=0x00007f5ff70a6790,  free space=1013k
Native frames: (J=compiled Java code, A=aot compiled Java code, j=interpreted, Vv=VM code, C=native code)
V  [libjvm.so+0x88e828]
V  [libjvm.so+0x88ebe5]
V  [libjvm.so+0xa8b1db]
V  [libjvm.so+0xa8b472]
V  [libjvm.so+0x5fe34b]
V  [libjvm.so+0xa88c79]
V  [libjvm.so+0x603d67]
V  [libjvm.so+0xe3fc71]
V  [libjvm.so+0xe3e78a]
V  [libjvm.so+0xe40ef7]
V  [libjvm.so+0x6b5fa9]
V  [libjvm.so+0x8b10f1]
j  java.util.Calendar$Builder.build()Ljava/util/Calendar;+236 java.base@11.0.14
j  sun.util.locale.provider.CalendarProviderImpl.getInstance(Ljava/util/TimeZone;Ljava/util/Locale;)Ljava/util/Calendar;+21 java.base@11.0.14
j  java.util.Calendar.createCalendar(Ljava/util/TimeZone;Ljava/util/Locale;)Ljava/util/Calendar;+17 java.base@11.0.14
j  java.util.Calendar.getInstance(Ljava/util/Locale;)Ljava/util/Calendar;+5 java.base@11.0.14
j  java.text.SimpleDateFormat.initializeCalendar(Ljava/util/Locale;)V+27 java.base@11.0.14
j  java.text.SimpleDateFormat.<init>(Ljava/lang/String;Ljava/util/Locale;)V+43 java.base@11.0.14
j  org.eclipse.sisu.plexus.PlexusDateTypeConverter.<clinit>()V+15
v  ~StubRoutines::call_stub
V  [libjvm.so+0x8ba9eb]
V  [libjvm.so+0x8972a7]
V  [libjvm.so+0x897793]
V  [libjvm.so+0x8b1291]
j  org.codehaus.plexus.DefaultPlexusContainer$DefaultsModule.<init>(Lorg/codehaus/plexus/DefaultPlexusContainer;)V+22
j  org.codehaus.plexus.DefaultPlexusContainer.<init>(Lorg/codehaus/plexus/ContainerConfiguration;[Lcom/google/inject/Module;)V+78
j  org.apache.maven.cli.MavenCli.container(Lorg/apache/maven/cli/CliRequest;)Lorg/codehaus/plexus/PlexusContainer;+275
j  org.apache.maven.cli.MavenCli.doMain(Lorg/apache/maven/cli/CliRequest;)I+34
j  org.apache.maven.cli.MavenCli.main([Ljava/lang/String;Lorg/codehaus/plexus/classworlds/ClassWorld;)I+24
v  ~StubRoutines::call_stub
V  [libjvm.so+0x8ba9eb]
V  [libjvm.so+0xceed07]
V  [libjvm.so+0xcefca0]
V  [libjvm.so+0x97a30f]  JVM_InvokeMethod+0x22f
j  jdk.internal.reflect.NativeMethodAccessorImpl.invoke0(Ljava/lang/reflect/Method;Ljava/lang/Object;[Ljava/lang/Object;)Ljava/lang/Object;+0 java.base@11.0.14
j  jdk.internal.reflect.NativeMethodAccessorImpl.invoke(Ljava/lang/Object;[Ljava/lang/Object;)Ljava/lang/Object;+100 java.base@11.0.14
j  jdk.internal.reflect.DelegatingMethodAccessorImpl.invoke(Ljava/lang/Object;[Ljava/lang/Object;)Ljava/lang/Object;+6 java.base@11.0.14
j  java.lang.reflect.Method.invoke(Ljava/lang/Object;[Ljava/lang/Object;)Ljava/lang/Object;+59 java.base@11.0.14
j  org.codehaus.plexus.classworlds.launcher.Launcher.launchEnhanced([Ljava/lang/String;)V+45
j  org.codehaus.plexus.classworlds.launcher.Launcher.launch([Ljava/lang/String;)V+2
j  org.codehaus.plexus.classworlds.launcher.Launcher.mainWithExitCode([Ljava/lang/String;)I+101
j  org.codehaus.plexus.classworlds.launcher.Launcher.main([Ljava/lang/String;)V+1
v  ~StubRoutines::call_stub
V  [libjvm.so+0x8ba9eb]
V  [libjvm.so+0x93d3aa]
V  [libjvm.so+0x93fdce]
C  [libjli.so+0x5607]
C  [libjli.so+0x95c9]
C  [libpthread.so.0+0x83ba]

Java frames: (J=compiled Java code, j=interpreted, Vv=VM code)
j  java.util.Calendar$Builder.build()Ljava/util/Calendar;+236 java.base@11.0.14
j  sun.util.locale.provider.CalendarProviderImpl.getInstance(Ljava/util/TimeZone;Ljava/util/Locale;)Ljava/util/Calendar;+21 java.base@11.0.14
j  java.util.Calendar.createCalendar(Ljava/util/TimeZone;Ljava/util/Locale;)Ljava/util/Calendar;+17 java.base@11.0.14
j  java.util.Calendar.getInstance(Ljava/util/Locale;)Ljava/util/Calendar;+5 java.base@11.0.14
j  java.text.SimpleDateFormat.initializeCalendar(Ljava/util/Locale;)V+27 java.base@11.0.14
j  java.text.SimpleDateFormat.<init>(Ljava/lang/String;Ljava/util/Locale;)V+43 java.base@11.0.14
j  org.eclipse.sisu.plexus.PlexusDateTypeConverter.<clinit>()V+15
v  ~StubRoutines::call_stub
j  org.codehaus.plexus.DefaultPlexusContainer$DefaultsModule.<init>(Lorg/codehaus/plexus/DefaultPlexusContainer;)V+22
j  org.codehaus.plexus.DefaultPlexusContainer.<init>(Lorg/codehaus/plexus/ContainerConfiguration;[Lcom/google/inject/Module;)V+78
j  org.apache.maven.cli.MavenCli.container(Lorg/apache/maven/cli/CliRequest;)Lorg/codehaus/plexus/PlexusContainer;+275
j  org.apache.maven.cli.MavenCli.doMain(Lorg/apache/maven/cli/CliRequest;)I+34
j  org.apache.maven.cli.MavenCli.main([Ljava/lang/String;Lorg/codehaus/plexus/classworlds/ClassWorld;)I+24
v  ~StubRoutines::call_stub
j  jdk.internal.reflect.NativeMethodAccessorImpl.invoke0(Ljava/lang/reflect/Method;Ljava/lang/Object;[Ljava/lang/Object;)Ljava/lang/Object;+0 java.base@11.0.14
j  jdk.internal.reflect.NativeMethodAccessorImpl.invoke(Ljava/lang/Object;[Ljava/lang/Object;)Ljava/lang/Object;+100 java.base@11.0.14
j  jdk.internal.reflect.DelegatingMethodAccessorImpl.invoke(Ljava/lang/Object;[Ljava/lang/Object;)Ljava/lang/Object;+6 java.base@11.0.14
j  java.lang.reflect.Method.invoke(Ljava/lang/Object;[Ljava/lang/Object;)Ljava/lang/Object;+59 java.base@11.0.14
j  org.codehaus.plexus.classworlds.launcher.Launcher.launchEnhanced([Ljava/lang/String;)V+45
j  org.codehaus.plexus.classworlds.launcher.Launcher.launch([Ljava/lang/String;)V+2
j  org.codehaus.plexus.classworlds.launcher.Launcher.mainWithExitCode([Ljava/lang/String;)I+101
j  org.codehaus.plexus.classworlds.launcher.Launcher.main([Ljava/lang/String;)V+1
v  ~StubRoutines::call_stub

siginfo: si_signo: 11 (SIGSEGV), si_code: 128 (SI_KERNEL), si_addr: 0x0000000000000000

Register to memory mapping:

RAX=0x000000000000003b is an unknown value
RBX=0x00000000000001ec is an unknown value
RCX=0x000000000000003d is an unknown value
RDX=0x00007f5fc13dfef8 is pointing into metadata
RSP=0x00007f5ff70a6790 is pointing into the stack for thread: 0x00007f5ff0016800
RBP=0x00007f5ff70a67b0 is pointing into the stack for thread: 0x00007f5ff0016800
RSI=0x0000000000000039 is an unknown value
RDI=0x00007f5fc149fc48 is pointing into metadata
R8 =0x0 is NULL
R9 =0x00007f5f982b17f0 points into unknown readable memory: 0x7369a01affff000a | 0a 00 ff ff 1a a0 69 73
R10=0x04007f5fc1500040 is an unknown value
R11={method} {0x00007f5fc13dff70} 
[error occurred during error reporting (printing register info), id 0xb, SIGSEGV (0xb) at pc=0x00007f5ff8014480]

Registers:
RAX=0x000000000000003b, RBX=0x00000000000001ec, RCX=0x000000000000003d, RDX=0x00007f5fc13dfef8
RSP=0x00007f5ff70a6790, RBP=0x00007f5ff70a67b0, RSI=0x0000000000000039, RDI=0x00007f5fc149fc48
R8 =0x0000000000000000, R9 =0x00007f5f982b17f0, R10=0x04007f5fc1500040, R11=0x00007f5fc13dff70
R12=0x00007f5ff400d6f0, R13=0x000000000000005b, R14=0x0000000000000000, R15=0x00007f5ff400d6f0
RIP=0x00007f5ff7ccb828, EFLAGS=0x0000000000010202, CSGSFS=0x002b000000000033, ERR=0x0000000000000000
  TRAPNO=0x000000000000000d

Top of Stack: (sp=0x00007f5ff70a6790)
0x00007f5ff70a6790:   00007f5ff400d6f0 00007f5f982b17f0
0x00007f5ff70a67a0:   0000000000000000 00000008000b7850
0x00007f5ff70a67b0:   00007f5ff70a67e0 00007f5ff7ccbbe5
0x00007f5ff70a67c0:   0000000000000037 0000000000000000 

Instructions: (pc=0x00007f5ff7ccb828)
0x00007f5ff7ccb728:   00 44 8b 02 45 85 c0 7e 37 41 83 e8 01 48 8d 42
0x00007f5ff7ccb738:   08 4a 8d 54 c2 10 eb 09 48 83 c0 08 48 39 c2 74
0x00007f5ff7ccb748:   1f 48 3b 38 75 f2 41 83 c5 01 44 39 ee 7f a9 48
0x00007f5ff7ccb758:   83 c4 08 5b 41 5c 41 5d 5d c3 66 0f 1f 44 00 00
0x00007f5ff7ccb768:   4c 89 e6 41 83 c5 01 e8 dc fe ff ff 48 8b 8b a8
0x00007f5ff7ccb778:   01 00 00 8b 31 44 39 ee 0f 8f 7a ff ff ff eb cf
0x00007f5ff7ccb788:   0f 1f 84 00 00 00 00 00 f6 83 a5 00 00 00 02 0f
0x00007f5ff7ccb798:   84 53 ff ff ff 48 89 df e8 4b 87 1f 00 48 63 93
0x00007f5ff7ccb7a8:   34 01 00 00 49 89 c0 48 63 83 c4 00 00 00 48 01
0x00007f5ff7ccb7b8:   d0 8b 93 30 01 00 00 48 01 d0 49 8d 04 c0 48 85
0x00007f5ff7ccb7c8:   c0 0f 84 21 ff ff ff 4c 89 20 e9 19 ff ff ff 90
0x00007f5ff7ccb7d8:   0f 1f 84 00 00 00 00 00 55 48 89 e5 41 56 41 89
0x00007f5ff7ccb7e8:   ce 41 55 44 8b 2f 41 54 44 89 e9 53 83 e9 01 78
0x00007f5ff7ccb7f8:   3f 49 89 f1 49 89 d4 31 f6 eb 0c 0f 1f 44 00 00
0x00007f5ff7ccb808:   8d 70 01 39 ce 7f 29 8d 04 0e d1 f8 48 63 d0 4c
0x00007f5ff7ccb818:   8b 5c d7 08 49 8b 53 08 4c 8b 52 08 0f b7 5a 2a
0x00007f5ff7ccb828:   4d 39 4c da 40 72 d9 74 1f 8d 48 ff 39 ce 7e d7
0x00007f5ff7ccb838:   41 ba ff ff ff ff 5b 44 89 d0 41 5c 41 5d 41 5e
0x00007f5ff7ccb848:   5d c3 66 0f 1f 44 00 00 0f b7 4a 2c 4d 3b 64 ca
0x00007f5ff7ccb858:   40 0f 84 b1 01 00 00 44 8d 50 ff 85 c0 0f 84 20
0x00007f5ff7ccb868:   03 00 00 41 83 f8 01 0f 84 eb 00 00 00 49 63 d2
0x00007f5ff7ccb878:   41 83 fe 01 0f 84 ab 00 00 00 eb 18 0f 1f 40 00
0x00007f5ff7ccb888:   0f b7 49 2c 4c 3b 64 ce 40 74 ab 48 83 ea 01 83
0x00007f5ff7ccb898:   fa ff 74 1c 48 8b 4c d7 08 41 89 d2 48 8b 49 08
0x00007f5ff7ccb8a8:   48 8b 71 08 44 0f b7 41 2a 4e 3b 4c c6 40 74 d0
0x00007f5ff7ccb8b8:   83 c0 01 41 39 c5 0f 8e 74 ff ff ff 48 98 eb 24
0x00007f5ff7ccb8c8:   0f 1f 84 00 00 00 00 00 0f b7 52 2c 4c 3b 64 d1
0x00007f5ff7ccb8d8:   40 0f 84 5f ff ff ff 48 83 c0 01 41 39 c5 0f 8e
0x00007f5ff7ccb8e8:   4c ff ff ff 48 8b 54 c7 08 41 89 c2 48 8b 52 08
0x00007f5ff7ccb8f8:   48 8b 4a 08 0f b7 72 2a 4c 3b 4c f1 40 74 c9 e9
0x00007f5ff7ccb908:   2c ff ff ff 0f 1f 40 00 f6 41 24 40 0f 84 24 ff
0x00007f5ff7ccb918:   ff ff 66 0f 1f 44 00 00 48 83 ea 01 83 fa ff 0f 


Stack slot to memory mapping:
stack at sp + 0 slots: 0x00007f5ff400d6f0 points into unknown readable memory: 0x492886c3ffff0004 | 04 00 ff ff c3 86 28 49
stack at sp + 1 slots: 0x00007f5f982b17f0 points into unknown readable memory: 0x7369a01affff000a | 0a 00 ff ff 1a a0 69 73
stack at sp + 2 slots: 0x0 is NULL
stack at sp + 3 slots: 0x00000008000b7850 is a pointer to class: 
java.util.Calendar {0x00000008000b7850}
stack at sp + 4 slots: 0x00007f5ff70a67e0 is pointing into the stack for thread: 0x00007f5ff0016800
stack at sp + 5 slots: 0x00007f5ff7ccbbe5: <offset 0x000000000088ebe5> in /usr/lib/sdk/openjdk11/jvm/openjdk-11.0.14/lib/server/libjvm.so at 0x00007f5ff743d000
stack at sp + 6 slots: 0x0000000000000037 is an unknown value
stack at sp + 7 slots: 0x0 is NULL


---------------  P R O C E S S  ---------------

Threads class SMR info:
_java_thread_list=0x00007f5ff035d1a0, length=9, elements={
0x00007f5ff0016800, 0x00007f5ff025a000, 0x00007f5ff025e000, 0x00007f5ff029b800,
0x00007f5ff029d800, 0x00007f5ff029f800, 0x00007f5ff02a1800, 0x00007f5ff02a3800,
0x00007f5ff035b800
}

Java Threads: ( => current thread )
=>0x00007f5ff0016800 JavaThread "main" [_thread_in_vm, id=408099, stack(0x00007f5ff6fa9000,0x00007f5ff70aa000)]
  0x00007f5ff025a000 JavaThread "Reference Handler" daemon [_thread_blocked, id=408106, stack(0x00007f5fc0b40000,0x00007f5fc0c41000)]
  0x00007f5ff025e000 JavaThread "Finalizer" daemon [_thread_blocked, id=408107, stack(0x00007f5fc0a3f000,0x00007f5fc0b40000)]
  0x00007f5ff029b800 JavaThread "Signal Dispatcher" daemon [_thread_blocked, id=408108, stack(0x00007f5fc0671000,0x00007f5fc0772000)]
  0x00007f5ff029d800 JavaThread "Service Thread" daemon [_thread_blocked, id=408109, stack(0x00007f5fc0570000,0x00007f5fc0671000)]
  0x00007f5ff029f800 JavaThread "C2 CompilerThread0" daemon [_thread_in_native, id=408110, stack(0x00007f5fc046f000,0x00007f5fc0570000)]
  0x00007f5ff02a1800 JavaThread "C1 CompilerThread0" daemon [_thread_blocked, id=408111, stack(0x00007f5fc036e000,0x00007f5fc046f000)]
  0x00007f5ff02a3800 JavaThread "Sweeper thread" daemon [_thread_blocked, id=408112, stack(0x00007f5fc026d000,0x00007f5fc036e000)]
  0x00007f5ff035b800 JavaThread "Common-Cleaner" daemon [_thread_blocked, id=408114, stack(0x00007f5fc006a000,0x00007f5fc016b000)]

Other Threads:
  0x00007f5ff0251800 VMThread "VM Thread" [stack: 0x00007f5fc0c43000,0x00007f5fc0d43000] [id=408105]
  0x00007f5ff034c000 WatcherThread [stack: 0x00007f5fc016d000,0x00007f5fc026d000] [id=408113]
  0x00007f5ff002e000 GCTaskThread "GC Thread#0" [stack: 0x00007f5ff6c51000,0x00007f5ff6d51000] [id=408100]
  0x00007f5ff0068800 ConcurrentGCThread "G1 Main Marker" [stack: 0x00007f5ff42d2000,0x00007f5ff43d2000] [id=408101]
  0x00007f5ff006a800 ConcurrentGCThread "G1 Conc#0" [stack: 0x00007f5ff41d0000,0x00007f5ff42d0000] [id=408102]
  0x00007f5ff01ec000 ConcurrentGCThread "G1 Refine#0" [stack: 0x00007f5fd8041000,0x00007f5fd8141000] [id=408103]
  0x00007f5ff01ee000 ConcurrentGCThread "G1 Young RemSet Sampling" [stack: 0x00007f5fc15c6000,0x00007f5fc16c6000] [id=408104]

Threads with active compile tasks:
C2 CompilerThread0    166  456       4       java.util.Arrays::copyOfRange (63 bytes)

VM state:not at safepoint (normal execution)

VM Mutex/Monitor currently owned by a thread: None

Heap address: 0x000000060cc00000, size: 7988 MB, Compressed Oops mode: Zero based, Oop shift amount: 3
Narrow klass base: 0x0000000800000000, Narrow klass shift: 0
Compressed class space size: 1073741824 Address: 0x0000000800000000

Heap:
 garbage-first heap   total 512000K, used 6144K [0x000000060cc00000, 0x0000000800000000)
  region size 2048K, 5 young (10240K), 0 survivors (0K)
 Metaspace       used 8437K, capacity 8583K, committed 8832K, reserved 1056768K
  class space    used 728K, capacity 775K, committed 896K, reserved 1048576K
Heap Regions: E=young(eden), S=young(survivor), O=old, HS=humongous(starts), HC=humongous(continues), CS=collection set, F=free, A=archive, TAMS=top-at-mark-start (previous, next)
|   0|0x000000060cc00000, 0x000000060cc00000, 0x000000060ce00000|  0%| F|  |TAMS 0x000000060cc00000, 0x000000060cc00000| Untracked 
|   1|0x000000060ce00000, 0x000000060ce00000, 0x000000060d000000|  0%| F|  |TAMS 0x000000060ce00000, 0x000000060ce00000| Untracked 
|   2|0x000000060d000000, 0x000000060d000000, 0x000000060d200000|  0%| F|  |TAMS 0x000000060d000000, 0x000000060d000000| Untracked 
|   3|0x000000060d200000, 0x000000060d200000, 0x000000060d400000|  0%| F|  |TAMS 0x000000060d200000, 0x000000060d200000| Untracked 
|   4|0x000000060d400000, 0x000000060d400000, 0x000000060d600000|  0%| F|  |TAMS 0x000000060d400000, 0x000000060d400000| Untracked 
|   5|0x000000060d600000, 0x000000060d600000, 0x000000060d800000|  0%| F|  |TAMS 0x000000060d600000, 0x000000060d600000| Untracked 
|   6|0x000000060d800000, 0x000000060d800000, 0x000000060da00000|  0%| F|  |TAMS 0x000000060d800000, 0x000000060d800000| Untracked 
|   7|0x000000060da00000, 0x000000060da00000, 0x000000060dc00000|  0%| F|  |TAMS 0x000000060da00000, 0x000000060da00000| Untracked 
|   8|0x000000060dc00000, 0x000000060dc00000, 0x000000060de00000|  0%| F|  |TAMS 0x000000060dc00000, 0x000000060dc00000| Untracked 
|   9|0x000000060de00000, 0x000000060de00000, 0x000000060e000000|  0%| F|  |TAMS 0x000000060de00000, 0x000000060de00000| Untracked 
|  10|0x000000060e000000, 0x000000060e000000, 0x000000060e200000|  0%| F|  |TAMS 0x000000060e000000, 0x000000060e000000| Untracked 
|  11|0x000000060e200000, 0x000000060e200000, 0x000000060e400000|  0%| F|  |TAMS 0x000000060e200000, 0x000000060e200000| Untracked 
|  12|0x000000060e400000, 0x000000060e400000, 0x000000060e600000|  0%| F|  |TAMS 0x000000060e400000, 0x000000060e400000| Untracked 
|  13|0x000000060e600000, 0x000000060e600000, 0x000000060e800000|  0%| F|  |TAMS 0x000000060e600000, 0x000000060e600000| Untracked 
|  14|0x000000060e800000, 0x000000060e800000, 0x000000060ea00000|  0%| F|  |TAMS 0x000000060e800000, 0x000000060e800000| Untracked 
|  15|0x000000060ea00000, 0x000000060ea00000, 0x000000060ec00000|  0%| F|  |TAMS 0x000000060ea00000, 0x000000060ea00000| Untracked 
|  16|0x000000060ec00000, 0x000000060ec00000, 0x000000060ee00000|  0%| F|  |TAMS 0x000000060ec00000, 0x000000060ec00000| Untracked 
|  17|0x000000060ee00000, 0x000000060ee00000, 0x000000060f000000|  0%| F|  |TAMS 0x000000060ee00000, 0x000000060ee00000| Untracked 
|  18|0x000000060f000000, 0x000000060f000000, 0x000000060f200000|  0%| F|  |TAMS 0x000000060f000000, 0x000000060f000000| Untracked 
|  19|0x000000060f200000, 0x000000060f200000, 0x000000060f400000|  0%| F|  |TAMS 0x000000060f200000, 0x000000060f200000| Untracked 
|  20|0x000000060f400000, 0x000000060f400000, 0x000000060f600000|  0%| F|  |TAMS 0x000000060f400000, 0x000000060f400000| Untracked 
|  21|0x000000060f600000, 0x000000060f600000, 0x000000060f800000|  0%| F|  |TAMS 0x000000060f600000, 0x000000060f600000| Untracked 
|  22|0x000000060f800000, 0x000000060f800000, 0x000000060fa00000|  0%| F|  |TAMS 0x000000060f800000, 0x000000060f800000| Untracked 
|  23|0x000000060fa00000, 0x000000060fa00000, 0x000000060fc00000|  0%| F|  |TAMS 0x000000060fa00000, 0x000000060fa00000| Untracked 
|  24|0x000000060fc00000, 0x000000060fc00000, 0x000000060fe00000|  0%| F|  |TAMS 0x000000060fc00000, 0x000000060fc00000| Untracked 
|  25|0x000000060fe00000, 0x000000060fe00000, 0x0000000610000000|  0%| F|  |TAMS 0x000000060fe00000, 0x000000060fe00000| Untracked 
|  26|0x0000000610000000, 0x0000000610000000, 0x0000000610200000|  0%| F|  |TAMS 0x0000000610000000, 0x0000000610000000| Untracked 
|  27|0x0000000610200000, 0x0000000610200000, 0x0000000610400000|  0%| F|  |TAMS 0x0000000610200000, 0x0000000610200000| Untracked 
|  28|0x0000000610400000, 0x0000000610400000, 0x0000000610600000|  0%| F|  |TAMS 0x0000000610400000, 0x0000000610400000| Untracked 
|  29|0x0000000610600000, 0x0000000610600000, 0x0000000610800000|  0%| F|  |TAMS 0x0000000610600000, 0x0000000610600000| Untracked 
|  30|0x0000000610800000, 0x0000000610800000, 0x0000000610a00000|  0%| F|  |TAMS 0x0000000610800000, 0x0000000610800000| Untracked 
|  31|0x0000000610a00000, 0x0000000610a00000, 0x0000000610c00000|  0%| F|  |TAMS 0x0000000610a00000, 0x0000000610a00000| Untracked 
|  32|0x0000000610c00000, 0x0000000610c00000, 0x0000000610e00000|  0%| F|  |TAMS 0x0000000610c00000, 0x0000000610c00000| Untracked 
|  33|0x0000000610e00000, 0x0000000610e00000, 0x0000000611000000|  0%| F|  |TAMS 0x0000000610e00000, 0x0000000610e00000| Untracked 
|  34|0x0000000611000000, 0x0000000611000000, 0x0000000611200000|  0%| F|  |TAMS 0x0000000611000000, 0x0000000611000000| Untracked 
|  35|0x0000000611200000, 0x0000000611200000, 0x0000000611400000|  0%| F|  |TAMS 0x0000000611200000, 0x0000000611200000| Untracked 
|  36|0x0000000611400000, 0x0000000611400000, 0x0000000611600000|  0%| F|  |TAMS 0x0000000611400000, 0x0000000611400000| Untracked 
|  37|0x0000000611600000, 0x0000000611600000, 0x0000000611800000|  0%| F|  |TAMS 0x0000000611600000, 0x0000000611600000| Untracked 
|  38|0x0000000611800000, 0x0000000611800000, 0x0000000611a00000|  0%| F|  |TAMS 0x0000000611800000, 0x0000000611800000| Untracked 
|  39|0x0000000611a00000, 0x0000000611a00000, 0x0000000611c00000|  0%| F|  |TAMS 0x0000000611a00000, 0x0000000611a00000| Untracked 
|  40|0x0000000611c00000, 0x0000000611c00000, 0x0000000611e00000|  0%| F|  |TAMS 0x0000000611c00000, 0x0000000611c00000| Untracked 
|  41|0x0000000611e00000, 0x0000000611e00000, 0x0000000612000000|  0%| F|  |TAMS 0x0000000611e00000, 0x0000000611e00000| Untracked 
|  42|0x0000000612000000, 0x0000000612000000, 0x0000000612200000|  0%| F|  |TAMS 0x0000000612000000, 0x0000000612000000| Untracked 
|  43|0x0000000612200000, 0x0000000612200000, 0x0000000612400000|  0%| F|  |TAMS 0x0000000612200000, 0x0000000612200000| Untracked 
|  44|0x0000000612400000, 0x0000000612400000, 0x0000000612600000|  0%| F|  |TAMS 0x0000000612400000, 0x0000000612400000| Untracked 
|  45|0x0000000612600000, 0x0000000612600000, 0x0000000612800000|  0%| F|  |TAMS 0x0000000612600000, 0x0000000612600000| Untracked 
|  46|0x0000000612800000, 0x0000000612800000, 0x0000000612a00000|  0%| F|  |TAMS 0x0000000612800000, 0x0000000612800000| Untracked 
|  47|0x0000000612a00000, 0x0000000612a00000, 0x0000000612c00000|  0%| F|  |TAMS 0x0000000612a00000, 0x0000000612a00000| Untracked 
|  48|0x0000000612c00000, 0x0000000612c00000, 0x0000000612e00000|  0%| F|  |TAMS 0x0000000612c00000, 0x0000000612c00000| Untracked 
|  49|0x0000000612e00000, 0x0000000612e00000, 0x0000000613000000|  0%| F|  |TAMS 0x0000000612e00000, 0x0000000612e00000| Untracked 
|  50|0x0000000613000000, 0x0000000613000000, 0x0000000613200000|  0%| F|  |TAMS 0x0000000613000000, 0x0000000613000000| Untracked 
|  51|0x0000000613200000, 0x0000000613200000, 0x0000000613400000|  0%| F|  |TAMS 0x0000000613200000, 0x0000000613200000| Untracked 
|  52|0x0000000613400000, 0x0000000613400000, 0x0000000613600000|  0%| F|  |TAMS 0x0000000613400000, 0x0000000613400000| Untracked 
|  53|0x0000000613600000, 0x0000000613600000, 0x0000000613800000|  0%| F|  |TAMS 0x0000000613600000, 0x0000000613600000| Untracked 
|  54|0x0000000613800000, 0x0000000613800000, 0x0000000613a00000|  0%| F|  |TAMS 0x0000000613800000, 0x0000000613800000| Untracked 
|  55|0x0000000613a00000, 0x0000000613a00000, 0x0000000613c00000|  0%| F|  |TAMS 0x0000000613a00000, 0x0000000613a00000| Untracked 
|  56|0x0000000613c00000, 0x0000000613c00000, 0x0000000613e00000|  0%| F|  |TAMS 0x0000000613c00000, 0x0000000613c00000| Untracked 
|  57|0x0000000613e00000, 0x0000000613e00000, 0x0000000614000000|  0%| F|  |TAMS 0x0000000613e00000, 0x0000000613e00000| Untracked 
|  58|0x0000000614000000, 0x0000000614000000, 0x0000000614200000|  0%| F|  |TAMS 0x0000000614000000, 0x0000000614000000| Untracked 
|  59|0x0000000614200000, 0x0000000614200000, 0x0000000614400000|  0%| F|  |TAMS 0x0000000614200000, 0x0000000614200000| Untracked 
|  60|0x0000000614400000, 0x0000000614400000, 0x0000000614600000|  0%| F|  |TAMS 0x0000000614400000, 0x0000000614400000| Untracked 
|  61|0x0000000614600000, 0x0000000614600000, 0x0000000614800000|  0%| F|  |TAMS 0x0000000614600000, 0x0000000614600000| Untracked 
|  62|0x0000000614800000, 0x0000000614800000, 0x0000000614a00000|  0%| F|  |TAMS 0x0000000614800000, 0x0000000614800000| Untracked 
|  63|0x0000000614a00000, 0x0000000614a00000, 0x0000000614c00000|  0%| F|  |TAMS 0x0000000614a00000, 0x0000000614a00000| Untracked 
|  64|0x0000000614c00000, 0x0000000614c00000, 0x0000000614e00000|  0%| F|  |TAMS 0x0000000614c00000, 0x0000000614c00000| Untracked 
|  65|0x0000000614e00000, 0x0000000614e00000, 0x0000000615000000|  0%| F|  |TAMS 0x0000000614e00000, 0x0000000614e00000| Untracked 
|  66|0x0000000615000000, 0x0000000615000000, 0x0000000615200000|  0%| F|  |TAMS 0x0000000615000000, 0x0000000615000000| Untracked 
|  67|0x0000000615200000, 0x0000000615200000, 0x0000000615400000|  0%| F|  |TAMS 0x0000000615200000, 0x0000000615200000| Untracked 
|  68|0x0000000615400000, 0x0000000615400000, 0x0000000615600000|  0%| F|  |TAMS 0x0000000615400000, 0x0000000615400000| Untracked 
|  69|0x0000000615600000, 0x0000000615600000, 0x0000000615800000|  0%| F|  |TAMS 0x0000000615600000, 0x0000000615600000| Untracked 
|  70|0x0000000615800000, 0x0000000615800000, 0x0000000615a00000|  0%| F|  |TAMS 0x0000000615800000, 0x0000000615800000| Untracked 
|  71|0x0000000615a00000, 0x0000000615a00000, 0x0000000615c00000|  0%| F|  |TAMS 0x0000000615a00000, 0x0000000615a00000| Untracked 
|  72|0x0000000615c00000, 0x0000000615c00000, 0x0000000615e00000|  0%| F|  |TAMS 0x0000000615c00000, 0x0000000615c00000| Untracked 
|  73|0x0000000615e00000, 0x0000000615e00000, 0x0000000616000000|  0%| F|  |TAMS 0x0000000615e00000, 0x0000000615e00000| Untracked 
|  74|0x0000000616000000, 0x0000000616000000, 0x0000000616200000|  0%| F|  |TAMS 0x0000000616000000, 0x0000000616000000| Untracked 
|  75|0x0000000616200000, 0x0000000616200000, 0x0000000616400000|  0%| F|  |TAMS 0x0000000616200000, 0x0000000616200000| Untracked 
|  76|0x0000000616400000, 0x0000000616400000, 0x0000000616600000|  0%| F|  |TAMS 0x0000000616400000, 0x0000000616400000| Untracked 
|  77|0x0000000616600000, 0x0000000616600000, 0x0000000616800000|  0%| F|  |TAMS 0x0000000616600000, 0x0000000616600000| Untracked 
|  78|0x0000000616800000, 0x0000000616800000, 0x0000000616a00000|  0%| F|  |TAMS 0x0000000616800000, 0x0000000616800000| Untracked 
|  79|0x0000000616a00000, 0x0000000616a00000, 0x0000000616c00000|  0%| F|  |TAMS 0x0000000616a00000, 0x0000000616a00000| Untracked 
|  80|0x0000000616c00000, 0x0000000616c00000, 0x0000000616e00000|  0%| F|  |TAMS 0x0000000616c00000, 0x0000000616c00000| Untracked 
|  81|0x0000000616e00000, 0x0000000616e00000, 0x0000000617000000|  0%| F|  |TAMS 0x0000000616e00000, 0x0000000616e00000| Untracked 
|  82|0x0000000617000000, 0x0000000617000000, 0x0000000617200000|  0%| F|  |TAMS 0x0000000617000000, 0x0000000617000000| Untracked 
|  83|0x0000000617200000, 0x0000000617200000, 0x0000000617400000|  0%| F|  |TAMS 0x0000000617200000, 0x0000000617200000| Untracked 
|  84|0x0000000617400000, 0x0000000617400000, 0x0000000617600000|  0%| F|  |TAMS 0x0000000617400000, 0x0000000617400000| Untracked 
|  85|0x0000000617600000, 0x0000000617600000, 0x0000000617800000|  0%| F|  |TAMS 0x0000000617600000, 0x0000000617600000| Untracked 
|  86|0x0000000617800000, 0x0000000617800000, 0x0000000617a00000|  0%| F|  |TAMS 0x0000000617800000, 0x0000000617800000| Untracked 
|  87|0x0000000617a00000, 0x0000000617a00000, 0x0000000617c00000|  0%| F|  |TAMS 0x0000000617a00000, 0x0000000617a00000| Untracked 
|  88|0x0000000617c00000, 0x0000000617c00000, 0x0000000617e00000|  0%| F|  |TAMS 0x0000000617c00000, 0x0000000617c00000| Untracked 
|  89|0x0000000617e00000, 0x0000000617e00000, 0x0000000618000000|  0%| F|  |TAMS 0x0000000617e00000, 0x0000000617e00000| Untracked 
|  90|0x0000000618000000, 0x0000000618000000, 0x0000000618200000|  0%| F|  |TAMS 0x0000000618000000, 0x0000000618000000| Untracked 
|  91|0x0000000618200000, 0x0000000618200000, 0x0000000618400000|  0%| F|  |TAMS 0x0000000618200000, 0x0000000618200000| Untracked 
|  92|0x0000000618400000, 0x0000000618400000, 0x0000000618600000|  0%| F|  |TAMS 0x0000000618400000, 0x0000000618400000| Untracked 
|  93|0x0000000618600000, 0x0000000618600000, 0x0000000618800000|  0%| F|  |TAMS 0x0000000618600000, 0x0000000618600000| Untracked 
|  94|0x0000000618800000, 0x0000000618800000, 0x0000000618a00000|  0%| F|  |TAMS 0x0000000618800000, 0x0000000618800000| Untracked 
|  95|0x0000000618a00000, 0x0000000618a00000, 0x0000000618c00000|  0%| F|  |TAMS 0x0000000618a00000, 0x0000000618a00000| Untracked 
|  96|0x0000000618c00000, 0x0000000618c00000, 0x0000000618e00000|  0%| F|  |TAMS 0x0000000618c00000, 0x0000000618c00000| Untracked 
|  97|0x0000000618e00000, 0x0000000618e00000, 0x0000000619000000|  0%| F|  |TAMS 0x0000000618e00000, 0x0000000618e00000| Untracked 
|  98|0x0000000619000000, 0x0000000619000000, 0x0000000619200000|  0%| F|  |TAMS 0x0000000619000000, 0x0000000619000000| Untracked 
|  99|0x0000000619200000, 0x0000000619200000, 0x0000000619400000|  0%| F|  |TAMS 0x0000000619200000, 0x0000000619200000| Untracked 
| 100|0x0000000619400000, 0x0000000619400000, 0x0000000619600000|  0%| F|  |TAMS 0x0000000619400000, 0x0000000619400000| Untracked 
| 101|0x0000000619600000, 0x0000000619600000, 0x0000000619800000|  0%| F|  |TAMS 0x0000000619600000, 0x0000000619600000| Untracked 
| 102|0x0000000619800000, 0x0000000619800000, 0x0000000619a00000|  0%| F|  |TAMS 0x0000000619800000, 0x0000000619800000| Untracked 
| 103|0x0000000619a00000, 0x0000000619a00000, 0x0000000619c00000|  0%| F|  |TAMS 0x0000000619a00000, 0x0000000619a00000| Untracked 
| 104|0x0000000619c00000, 0x0000000619c00000, 0x0000000619e00000|  0%| F|  |TAMS 0x0000000619c00000, 0x0000000619c00000| Untracked 
| 105|0x0000000619e00000, 0x0000000619e00000, 0x000000061a000000|  0%| F|  |TAMS 0x0000000619e00000, 0x0000000619e00000| Untracked 
| 106|0x000000061a000000, 0x000000061a000000, 0x000000061a200000|  0%| F|  |TAMS 0x000000061a000000, 0x000000061a000000| Untracked 
| 107|0x000000061a200000, 0x000000061a200000, 0x000000061a400000|  0%| F|  |TAMS 0x000000061a200000, 0x000000061a200000| Untracked 
| 108|0x000000061a400000, 0x000000061a400000, 0x000000061a600000|  0%| F|  |TAMS 0x000000061a400000, 0x000000061a400000| Untracked 
| 109|0x000000061a600000, 0x000000061a600000, 0x000000061a800000|  0%| F|  |TAMS 0x000000061a600000, 0x000000061a600000| Untracked 
| 110|0x000000061a800000, 0x000000061a800000, 0x000000061aa00000|  0%| F|  |TAMS 0x000000061a800000, 0x000000061a800000| Untracked 
| 111|0x000000061aa00000, 0x000000061aa00000, 0x000000061ac00000|  0%| F|  |TAMS 0x000000061aa00000, 0x000000061aa00000| Untracked 
| 112|0x000000061ac00000, 0x000000061ac00000, 0x000000061ae00000|  0%| F|  |TAMS 0x000000061ac00000, 0x000000061ac00000| Untracked 
| 113|0x000000061ae00000, 0x000000061ae00000, 0x000000061b000000|  0%| F|  |TAMS 0x000000061ae00000, 0x000000061ae00000| Untracked 
| 114|0x000000061b000000, 0x000000061b000000, 0x000000061b200000|  0%| F|  |TAMS 0x000000061b000000, 0x000000061b000000| Untracked 
| 115|0x000000061b200000, 0x000000061b200000, 0x000000061b400000|  0%| F|  |TAMS 0x000000061b200000, 0x000000061b200000| Untracked 
| 116|0x000000061b400000, 0x000000061b400000, 0x000000061b600000|  0%| F|  |TAMS 0x000000061b400000, 0x000000061b400000| Untracked 
| 117|0x000000061b600000, 0x000000061b600000, 0x000000061b800000|  0%| F|  |TAMS 0x000000061b600000, 0x000000061b600000| Untracked 
| 118|0x000000061b800000, 0x000000061b800000, 0x000000061ba00000|  0%| F|  |TAMS 0x000000061b800000, 0x000000061b800000| Untracked 
| 119|0x000000061ba00000, 0x000000061ba00000, 0x000000061bc00000|  0%| F|  |TAMS 0x000000061ba00000, 0x000000061ba00000| Untracked 
| 120|0x000000061bc00000, 0x000000061bc00000, 0x000000061be00000|  0%| F|  |TAMS 0x000000061bc00000, 0x000000061bc00000| Untracked 
| 121|0x000000061be00000, 0x000000061be00000, 0x000000061c000000|  0%| F|  |TAMS 0x000000061be00000, 0x000000061be00000| Untracked 
| 122|0x000000061c000000, 0x000000061c000000, 0x000000061c200000|  0%| F|  |TAMS 0x000000061c000000, 0x000000061c000000| Untracked 
| 123|0x000000061c200000, 0x000000061c200000, 0x000000061c400000|  0%| F|  |TAMS 0x000000061c200000, 0x000000061c200000| Untracked 
| 124|0x000000061c400000, 0x000000061c400000, 0x000000061c600000|  0%| F|  |TAMS 0x000000061c400000, 0x000000061c400000| Untracked 
| 125|0x000000061c600000, 0x000000061c600000, 0x000000061c800000|  0%| F|  |TAMS 0x000000061c600000, 0x000000061c600000| Untracked 
| 126|0x000000061c800000, 0x000000061c800000, 0x000000061ca00000|  0%| F|  |TAMS 0x000000061c800000, 0x000000061c800000| Untracked 
| 127|0x000000061ca00000, 0x000000061ca00000, 0x000000061cc00000|  0%| F|  |TAMS 0x000000061ca00000, 0x000000061ca00000| Untracked 
| 128|0x000000061cc00000, 0x000000061cc00000, 0x000000061ce00000|  0%| F|  |TAMS 0x000000061cc00000, 0x000000061cc00000| Untracked 
| 129|0x000000061ce00000, 0x000000061ce00000, 0x000000061d000000|  0%| F|  |TAMS 0x000000061ce00000, 0x000000061ce00000| Untracked 
| 130|0x000000061d000000, 0x000000061d000000, 0x000000061d200000|  0%| F|  |TAMS 0x000000061d000000, 0x000000061d000000| Untracked 
| 131|0x000000061d200000, 0x000000061d200000, 0x000000061d400000|  0%| F|  |TAMS 0x000000061d200000, 0x000000061d200000| Untracked 
| 132|0x000000061d400000, 0x000000061d400000, 0x000000061d600000|  0%| F|  |TAMS 0x000000061d400000, 0x000000061d400000| Untracked 
| 133|0x000000061d600000, 0x000000061d600000, 0x000000061d800000|  0%| F|  |TAMS 0x000000061d600000, 0x000000061d600000| Untracked 
| 134|0x000000061d800000, 0x000000061d800000, 0x000000061da00000|  0%| F|  |TAMS 0x000000061d800000, 0x000000061d800000| Untracked 
| 135|0x000000061da00000, 0x000000061da00000, 0x000000061dc00000|  0%| F|  |TAMS 0x000000061da00000, 0x000000061da00000| Untracked 
| 136|0x000000061dc00000, 0x000000061dc00000, 0x000000061de00000|  0%| F|  |TAMS 0x000000061dc00000, 0x000000061dc00000| Untracked 
| 137|0x000000061de00000, 0x000000061de00000, 0x000000061e000000|  0%| F|  |TAMS 0x000000061de00000, 0x000000061de00000| Untracked 
| 138|0x000000061e000000, 0x000000061e000000, 0x000000061e200000|  0%| F|  |TAMS 0x000000061e000000, 0x000000061e000000| Untracked 
| 139|0x000000061e200000, 0x000000061e200000, 0x000000061e400000|  0%| F|  |TAMS 0x000000061e200000, 0x000000061e200000| Untracked 
| 140|0x000000061e400000, 0x000000061e400000, 0x000000061e600000|  0%| F|  |TAMS 0x000000061e400000, 0x000000061e400000| Untracked 
| 141|0x000000061e600000, 0x000000061e600000, 0x000000061e800000|  0%| F|  |TAMS 0x000000061e600000, 0x000000061e600000| Untracked 
| 142|0x000000061e800000, 0x000000061e800000, 0x000000061ea00000|  0%| F|  |TAMS 0x000000061e800000, 0x000000061e800000| Untracked 
| 143|0x000000061ea00000, 0x000000061ea00000, 0x000000061ec00000|  0%| F|  |TAMS 0x000000061ea00000, 0x000000061ea00000| Untracked 
| 144|0x000000061ec00000, 0x000000061ec00000, 0x000000061ee00000|  0%| F|  |TAMS 0x000000061ec00000, 0x000000061ec00000| Untracked 
| 145|0x000000061ee00000, 0x000000061ee00000, 0x000000061f000000|  0%| F|  |TAMS 0x000000061ee00000, 0x000000061ee00000| Untracked 
| 146|0x000000061f000000, 0x000000061f000000, 0x000000061f200000|  0%| F|  |TAMS 0x000000061f000000, 0x000000061f000000| Untracked 
| 147|0x000000061f200000, 0x000000061f200000, 0x000000061f400000|  0%| F|  |TAMS 0x000000061f200000, 0x000000061f200000| Untracked 
| 148|0x000000061f400000, 0x000000061f400000, 0x000000061f600000|  0%| F|  |TAMS 0x000000061f400000, 0x000000061f400000| Untracked 
| 149|0x000000061f600000, 0x000000061f600000, 0x000000061f800000|  0%| F|  |TAMS 0x000000061f600000, 0x000000061f600000| Untracked 
| 150|0x000000061f800000, 0x000000061f800000, 0x000000061fa00000|  0%| F|  |TAMS 0x000000061f800000, 0x000000061f800000| Untracked 
| 151|0x000000061fa00000, 0x000000061fa00000, 0x000000061fc00000|  0%| F|  |TAMS 0x000000061fa00000, 0x000000061fa00000| Untracked 
| 152|0x000000061fc00000, 0x000000061fc00000, 0x000000061fe00000|  0%| F|  |TAMS 0x000000061fc00000, 0x000000061fc00000| Untracked 
| 153|0x000000061fe00000, 0x000000061fe00000, 0x0000000620000000|  0%| F|  |TAMS 0x000000061fe00000, 0x000000061fe00000| Untracked 
| 154|0x0000000620000000, 0x0000000620000000, 0x0000000620200000|  0%| F|  |TAMS 0x0000000620000000, 0x0000000620000000| Untracked 
| 155|0x0000000620200000, 0x0000000620200000, 0x0000000620400000|  0%| F|  |TAMS 0x0000000620200000, 0x0000000620200000| Untracked 
| 156|0x0000000620400000, 0x0000000620400000, 0x0000000620600000|  0%| F|  |TAMS 0x0000000620400000, 0x0000000620400000| Untracked 
| 157|0x0000000620600000, 0x0000000620600000, 0x0000000620800000|  0%| F|  |TAMS 0x0000000620600000, 0x0000000620600000| Untracked 
| 158|0x0000000620800000, 0x0000000620800000, 0x0000000620a00000|  0%| F|  |TAMS 0x0000000620800000, 0x0000000620800000| Untracked 
| 159|0x0000000620a00000, 0x0000000620a00000, 0x0000000620c00000|  0%| F|  |TAMS 0x0000000620a00000, 0x0000000620a00000| Untracked 
| 160|0x0000000620c00000, 0x0000000620c00000, 0x0000000620e00000|  0%| F|  |TAMS 0x0000000620c00000, 0x0000000620c00000| Untracked 
| 161|0x0000000620e00000, 0x0000000620e00000, 0x0000000621000000|  0%| F|  |TAMS 0x0000000620e00000, 0x0000000620e00000| Untracked 
| 162|0x0000000621000000, 0x0000000621000000, 0x0000000621200000|  0%| F|  |TAMS 0x0000000621000000, 0x0000000621000000| Untracked 
| 163|0x0000000621200000, 0x0000000621200000, 0x0000000621400000|  0%| F|  |TAMS 0x0000000621200000, 0x0000000621200000| Untracked 
| 164|0x0000000621400000, 0x0000000621400000, 0x0000000621600000|  0%| F|  |TAMS 0x0000000621400000, 0x0000000621400000| Untracked 
| 165|0x0000000621600000, 0x0000000621600000, 0x0000000621800000|  0%| F|  |TAMS 0x0000000621600000, 0x0000000621600000| Untracked 
| 166|0x0000000621800000, 0x0000000621800000, 0x0000000621a00000|  0%| F|  |TAMS 0x0000000621800000, 0x0000000621800000| Untracked 
| 167|0x0000000621a00000, 0x0000000621a00000, 0x0000000621c00000|  0%| F|  |TAMS 0x0000000621a00000, 0x0000000621a00000| Untracked 
| 168|0x0000000621c00000, 0x0000000621c00000, 0x0000000621e00000|  0%| F|  |TAMS 0x0000000621c00000, 0x0000000621c00000| Untracked 
| 169|0x0000000621e00000, 0x0000000621e00000, 0x0000000622000000|  0%| F|  |TAMS 0x0000000621e00000, 0x0000000621e00000| Untracked 
| 170|0x0000000622000000, 0x0000000622000000, 0x0000000622200000|  0%| F|  |TAMS 0x0000000622000000, 0x0000000622000000| Untracked 
| 171|0x0000000622200000, 0x0000000622200000, 0x0000000622400000|  0%| F|  |TAMS 0x0000000622200000, 0x0000000622200000| Untracked 
| 172|0x0000000622400000, 0x0000000622400000, 0x0000000622600000|  0%| F|  |TAMS 0x0000000622400000, 0x0000000622400000| Untracked 
| 173|0x0000000622600000, 0x0000000622600000, 0x0000000622800000|  0%| F|  |TAMS 0x0000000622600000, 0x0000000622600000| Untracked 
| 174|0x0000000622800000, 0x0000000622800000, 0x0000000622a00000|  0%| F|  |TAMS 0x0000000622800000, 0x0000000622800000| Untracked 
| 175|0x0000000622a00000, 0x0000000622a00000, 0x0000000622c00000|  0%| F|  |TAMS 0x0000000622a00000, 0x0000000622a00000| Untracked 
| 176|0x0000000622c00000, 0x0000000622c00000, 0x0000000622e00000|  0%| F|  |TAMS 0x0000000622c00000, 0x0000000622c00000| Untracked 
| 177|0x0000000622e00000, 0x0000000622e00000, 0x0000000623000000|  0%| F|  |TAMS 0x0000000622e00000, 0x0000000622e00000| Untracked 
| 178|0x0000000623000000, 0x0000000623000000, 0x0000000623200000|  0%| F|  |TAMS 0x0000000623000000, 0x0000000623000000| Untracked 
| 179|0x0000000623200000, 0x0000000623200000, 0x0000000623400000|  0%| F|  |TAMS 0x0000000623200000, 0x0000000623200000| Untracked 
| 180|0x0000000623400000, 0x0000000623400000, 0x0000000623600000|  0%| F|  |TAMS 0x0000000623400000, 0x0000000623400000| Untracked 
| 181|0x0000000623600000, 0x0000000623600000, 0x0000000623800000|  0%| F|  |TAMS 0x0000000623600000, 0x0000000623600000| Untracked 
| 182|0x0000000623800000, 0x0000000623800000, 0x0000000623a00000|  0%| F|  |TAMS 0x0000000623800000, 0x0000000623800000| Untracked 
| 183|0x0000000623a00000, 0x0000000623a00000, 0x0000000623c00000|  0%| F|  |TAMS 0x0000000623a00000, 0x0000000623a00000| Untracked 
| 184|0x0000000623c00000, 0x0000000623c00000, 0x0000000623e00000|  0%| F|  |TAMS 0x0000000623c00000, 0x0000000623c00000| Untracked 
| 185|0x0000000623e00000, 0x0000000623e00000, 0x0000000624000000|  0%| F|  |TAMS 0x0000000623e00000, 0x0000000623e00000| Untracked 
| 186|0x0000000624000000, 0x0000000624000000, 0x0000000624200000|  0%| F|  |TAMS 0x0000000624000000, 0x0000000624000000| Untracked 
| 187|0x0000000624200000, 0x0000000624200000, 0x0000000624400000|  0%| F|  |TAMS 0x0000000624200000, 0x0000000624200000| Untracked 
| 188|0x0000000624400000, 0x0000000624400000, 0x0000000624600000|  0%| F|  |TAMS 0x0000000624400000, 0x0000000624400000| Untracked 
| 189|0x0000000624600000, 0x0000000624600000, 0x0000000624800000|  0%| F|  |TAMS 0x0000000624600000, 0x0000000624600000| Untracked 
| 190|0x0000000624800000, 0x0000000624800000, 0x0000000624a00000|  0%| F|  |TAMS 0x0000000624800000, 0x0000000624800000| Untracked 
| 191|0x0000000624a00000, 0x0000000624a00000, 0x0000000624c00000|  0%| F|  |TAMS 0x0000000624a00000, 0x0000000624a00000| Untracked 
| 192|0x0000000624c00000, 0x0000000624c00000, 0x0000000624e00000|  0%| F|  |TAMS 0x0000000624c00000, 0x0000000624c00000| Untracked 
| 193|0x0000000624e00000, 0x0000000624e00000, 0x0000000625000000|  0%| F|  |TAMS 0x0000000624e00000, 0x0000000624e00000| Untracked 
| 194|0x0000000625000000, 0x0000000625000000, 0x0000000625200000|  0%| F|  |TAMS 0x0000000625000000, 0x0000000625000000| Untracked 
| 195|0x0000000625200000, 0x0000000625200000, 0x0000000625400000|  0%| F|  |TAMS 0x0000000625200000, 0x0000000625200000| Untracked 
| 196|0x0000000625400000, 0x0000000625400000, 0x0000000625600000|  0%| F|  |TAMS 0x0000000625400000, 0x0000000625400000| Untracked 
| 197|0x0000000625600000, 0x0000000625600000, 0x0000000625800000|  0%| F|  |TAMS 0x0000000625600000, 0x0000000625600000| Untracked 
| 198|0x0000000625800000, 0x0000000625800000, 0x0000000625a00000|  0%| F|  |TAMS 0x0000000625800000, 0x0000000625800000| Untracked 
| 199|0x0000000625a00000, 0x0000000625a00000, 0x0000000625c00000|  0%| F|  |TAMS 0x0000000625a00000, 0x0000000625a00000| Untracked 
| 200|0x0000000625c00000, 0x0000000625c00000, 0x0000000625e00000|  0%| F|  |TAMS 0x0000000625c00000, 0x0000000625c00000| Untracked 
| 201|0x0000000625e00000, 0x0000000625e00000, 0x0000000626000000|  0%| F|  |TAMS 0x0000000625e00000, 0x0000000625e00000| Untracked 
| 202|0x0000000626000000, 0x0000000626000000, 0x0000000626200000|  0%| F|  |TAMS 0x0000000626000000, 0x0000000626000000| Untracked 
| 203|0x0000000626200000, 0x0000000626200000, 0x0000000626400000|  0%| F|  |TAMS 0x0000000626200000, 0x0000000626200000| Untracked 
| 204|0x0000000626400000, 0x0000000626400000, 0x0000000626600000|  0%| F|  |TAMS 0x0000000626400000, 0x0000000626400000| Untracked 
| 205|0x0000000626600000, 0x0000000626600000, 0x0000000626800000|  0%| F|  |TAMS 0x0000000626600000, 0x0000000626600000| Untracked 
| 206|0x0000000626800000, 0x0000000626800000, 0x0000000626a00000|  0%| F|  |TAMS 0x0000000626800000, 0x0000000626800000| Untracked 
| 207|0x0000000626a00000, 0x0000000626a00000, 0x0000000626c00000|  0%| F|  |TAMS 0x0000000626a00000, 0x0000000626a00000| Untracked 
| 208|0x0000000626c00000, 0x0000000626c00000, 0x0000000626e00000|  0%| F|  |TAMS 0x0000000626c00000, 0x0000000626c00000| Untracked 
| 209|0x0000000626e00000, 0x0000000626e00000, 0x0000000627000000|  0%| F|  |TAMS 0x0000000626e00000, 0x0000000626e00000| Untracked 
| 210|0x0000000627000000, 0x0000000627000000, 0x0000000627200000|  0%| F|  |TAMS 0x0000000627000000, 0x0000000627000000| Untracked 
| 211|0x0000000627200000, 0x0000000627200000, 0x0000000627400000|  0%| F|  |TAMS 0x0000000627200000, 0x0000000627200000| Untracked 
| 212|0x0000000627400000, 0x0000000627400000, 0x0000000627600000|  0%| F|  |TAMS 0x0000000627400000, 0x0000000627400000| Untracked 
| 213|0x0000000627600000, 0x0000000627600000, 0x0000000627800000|  0%| F|  |TAMS 0x0000000627600000, 0x0000000627600000| Untracked 
| 214|0x0000000627800000, 0x0000000627800000, 0x0000000627a00000|  0%| F|  |TAMS 0x0000000627800000, 0x0000000627800000| Untracked 
| 215|0x0000000627a00000, 0x0000000627a00000, 0x0000000627c00000|  0%| F|  |TAMS 0x0000000627a00000, 0x0000000627a00000| Untracked 
| 216|0x0000000627c00000, 0x0000000627c00000, 0x0000000627e00000|  0%| F|  |TAMS 0x0000000627c00000, 0x0000000627c00000| Untracked 
| 217|0x0000000627e00000, 0x0000000627e00000, 0x0000000628000000|  0%| F|  |TAMS 0x0000000627e00000, 0x0000000627e00000| Untracked 
| 218|0x0000000628000000, 0x0000000628000000, 0x0000000628200000|  0%| F|  |TAMS 0x0000000628000000, 0x0000000628000000| Untracked 
| 219|0x0000000628200000, 0x0000000628200000, 0x0000000628400000|  0%| F|  |TAMS 0x0000000628200000, 0x0000000628200000| Untracked 
| 220|0x0000000628400000, 0x0000000628400000, 0x0000000628600000|  0%| F|  |TAMS 0x0000000628400000, 0x0000000628400000| Untracked 
| 221|0x0000000628600000, 0x0000000628600000, 0x0000000628800000|  0%| F|  |TAMS 0x0000000628600000, 0x0000000628600000| Untracked 
| 222|0x0000000628800000, 0x0000000628800000, 0x0000000628a00000|  0%| F|  |TAMS 0x0000000628800000, 0x0000000628800000| Untracked 
| 223|0x0000000628a00000, 0x0000000628a00000, 0x0000000628c00000|  0%| F|  |TAMS 0x0000000628a00000, 0x0000000628a00000| Untracked 
| 224|0x0000000628c00000, 0x0000000628c00000, 0x0000000628e00000|  0%| F|  |TAMS 0x0000000628c00000, 0x0000000628c00000| Untracked 
| 225|0x0000000628e00000, 0x0000000628e00000, 0x0000000629000000|  0%| F|  |TAMS 0x0000000628e00000, 0x0000000628e00000| Untracked 
| 226|0x0000000629000000, 0x0000000629000000, 0x0000000629200000|  0%| F|  |TAMS 0x0000000629000000, 0x0000000629000000| Untracked 
| 227|0x0000000629200000, 0x0000000629200000, 0x0000000629400000|  0%| F|  |TAMS 0x0000000629200000, 0x0000000629200000| Untracked 
| 228|0x0000000629400000, 0x0000000629400000, 0x0000000629600000|  0%| F|  |TAMS 0x0000000629400000, 0x0000000629400000| Untracked 
| 229|0x0000000629600000, 0x0000000629600000, 0x0000000629800000|  0%| F|  |TAMS 0x0000000629600000, 0x0000000629600000| Untracked 
| 230|0x0000000629800000, 0x0000000629800000, 0x0000000629a00000|  0%| F|  |TAMS 0x0000000629800000, 0x0000000629800000| Untracked 
| 231|0x0000000629a00000, 0x0000000629a00000, 0x0000000629c00000|  0%| F|  |TAMS 0x0000000629a00000, 0x0000000629a00000| Untracked 
| 232|0x0000000629c00000, 0x0000000629c00000, 0x0000000629e00000|  0%| F|  |TAMS 0x0000000629c00000, 0x0000000629c00000| Untracked 
| 233|0x0000000629e00000, 0x0000000629e00000, 0x000000062a000000|  0%| F|  |TAMS 0x0000000629e00000, 0x0000000629e00000| Untracked 
| 234|0x000000062a000000, 0x000000062a000000, 0x000000062a200000|  0%| F|  |TAMS 0x000000062a000000, 0x000000062a000000| Untracked 
| 235|0x000000062a200000, 0x000000062a200000, 0x000000062a400000|  0%| F|  |TAMS 0x000000062a200000, 0x000000062a200000| Untracked 
| 236|0x000000062a400000, 0x000000062a400000, 0x000000062a600000|  0%| F|  |TAMS 0x000000062a400000, 0x000000062a400000| Untracked 
| 237|0x000000062a600000, 0x000000062a600000, 0x000000062a800000|  0%| F|  |TAMS 0x000000062a600000, 0x000000062a600000| Untracked 
| 238|0x000000062a800000, 0x000000062a800000, 0x000000062aa00000|  0%| F|  |TAMS 0x000000062a800000, 0x000000062a800000| Untracked 
| 239|0x000000062aa00000, 0x000000062aa00000, 0x000000062ac00000|  0%| F|  |TAMS 0x000000062aa00000, 0x000000062aa00000| Untracked 
| 240|0x000000062ac00000, 0x000000062ac00000, 0x000000062ae00000|  0%| F|  |TAMS 0x000000062ac00000, 0x000000062ac00000| Untracked 
| 241|0x000000062ae00000, 0x000000062ae00000, 0x000000062b000000|  0%| F|  |TAMS 0x000000062ae00000, 0x000000062ae00000| Untracked 
| 242|0x000000062b000000, 0x000000062b000000, 0x000000062b200000|  0%| F|  |TAMS 0x000000062b000000, 0x000000062b000000| Untracked 
| 243|0x000000062b200000, 0x000000062b200000, 0x000000062b400000|  0%| F|  |TAMS 0x000000062b200000, 0x000000062b200000| Untracked 
| 244|0x000000062b400000, 0x000000062b400000, 0x000000062b600000|  0%| F|  |TAMS 0x000000062b400000, 0x000000062b400000| Untracked 
| 245|0x000000062b600000, 0x000000062b6f65a8, 0x000000062b800000| 48%| E|  |TAMS 0x000000062b600000, 0x000000062b600000| Complete 
| 246|0x000000062b800000, 0x000000062ba00000, 0x000000062ba00000|100%| E|CS|TAMS 0x000000062b800000, 0x000000062b800000| Complete 
| 247|0x000000062ba00000, 0x000000062bc00000, 0x000000062bc00000|100%| E|  |TAMS 0x000000062ba00000, 0x000000062ba00000| Complete 
| 248|0x000000062bc00000, 0x000000062be00000, 0x000000062be00000|100%| E|CS|TAMS 0x000000062bc00000, 0x000000062bc00000| Complete 
| 249|0x000000062be00000, 0x000000062c000000, 0x000000062c000000|100%| E|CS|TAMS 0x000000062be00000, 0x000000062be00000| Complete 

Card table byte_map: [0x00007f5ff44d4000,0x00007f5ff546e000] _byte_map_base: 0x00007f5ff146e000

Marking Bits (Prev, Next): (CMBitMap*) 0x00007f5ff0058098, (CMBitMap*) 0x00007f5ff00580d0
 Prev Bits: [0x00007f5fcb396000, 0x00007f5fd3066000)
 Next Bits: [0x00007f5fc36c6000, 0x00007f5fcb396000)

Polling page: 0x00007f5ff8984000

Metaspace:

Usage:
  Non-class:      7.62 MB capacity,     7.53 MB ( 99%) used,    93.33 KB (  1%) free+waste,     5.75 KB ( <1%) overhead. 
      Class:    775.00 KB capacity,   728.32 KB ( 94%) used,    44.30 KB (  6%) free+waste,     2.38 KB ( <1%) overhead. 
       Both:      8.38 MB capacity,     8.24 MB ( 98%) used,   137.63 KB (  2%) free+waste,     8.12 KB ( <1%) overhead. 

Virtual space:
  Non-class space:        8.00 MB reserved,       7.75 MB ( 97%) committed 
      Class space:        1.00 GB reserved,     896.00 KB ( <1%) committed 
             Both:        1.01 GB reserved,       8.62 MB ( <1%) committed 

Chunk freelists:
   Non-Class:  48.00 KB
       Class:  25.00 KB
        Both:  73.00 KB

MaxMetaspaceSize: unlimited
CompressedClassSpaceSize: 1.00 GB
Initial GC threshold: 20.80 MB
Current GC threshold: 20.80 MB
CDS: off

CodeHeap 'non-profiled nmethods': size=120032Kb used=132Kb max_used=132Kb free=119899Kb
 bounds [0x00007f5fe0310000, 0x00007f5fe0580000, 0x00007f5fe7848000]
CodeHeap 'profiled nmethods': size=120028Kb used=770Kb max_used=770Kb free=119257Kb
 bounds [0x00007f5fd8dd9000, 0x00007f5fd9049000, 0x00007f5fe0310000]
CodeHeap 'non-nmethods': size=5700Kb used=1104Kb max_used=1117Kb free=4595Kb
 bounds [0x00007f5fd8848000, 0x00007f5fd8ab8000, 0x00007f5fd8dd9000]
 total_blobs=809 nmethods=459 adapters=264
 compilation: enabled
              stopped_count=0, restarted_count=0
 full_count=0

Compilation events (20 events):
Event: 0.158 Thread 0x00007f5ff02a1800 nmethod 446 0x00007f5fd8e91890 code [0x00007f5fd8e91a60, 0x00007f5fd8e91c20]
Event: 0.158 Thread 0x00007f5ff02a1800  448  s    3       java.io.BufferedInputStream::read (49 bytes)
Event: 0.158 Thread 0x00007f5ff02a1800 nmethod 448 0x00007f5fd8e91d10 code [0x00007f5fd8e91f00, 0x00007f5fd8e92470]
Event: 0.158 Thread 0x00007f5ff02a1800  450  s    3       java.io.BufferedInputStream::read (113 bytes)
Event: 0.159 Thread 0x00007f5ff029f800 nmethod 433 0x00007f5fe032f210 code [0x00007f5fe032f3a0, 0x00007f5fe032f5f8]
Event: 0.159 Thread 0x00007f5ff029f800  418       4       java.lang.String::equals (65 bytes)
Event: 0.159 Thread 0x00007f5ff02a1800 nmethod 450 0x00007f5fd8e92610 code [0x00007f5fd8e92840, 0x00007f5fd8e931f0]
Event: 0.159 Thread 0x00007f5ff02a1800  452       3       java.io.DataInputStream::readShort (40 bytes)
Event: 0.159 Thread 0x00007f5ff02a1800 nmethod 452 0x00007f5fd8e93490 code [0x00007f5fd8e93680, 0x00007f5fd8e93a60]
Event: 0.159 Thread 0x00007f5ff02a1800  444       3       java.lang.String::<init> (14 bytes)
Event: 0.159 Thread 0x00007f5ff02a1800 nmethod 444 0x00007f5fd8e93c10 code [0x00007f5fd8e93de0, 0x00007f5fd8e93fd0]
Event: 0.159 Thread 0x00007f5ff02a1800  445       3       java.lang.String::rangeCheck (9 bytes)
Event: 0.159 Thread 0x00007f5ff02a1800 nmethod 445 0x00007f5fd8e94110 code [0x00007f5fd8e942c0, 0x00007f5fd8e943e0]
Event: 0.159 Thread 0x00007f5ff02a1800  449       3       java.io.BufferedInputStream::read1 (108 bytes)
Event: 0.159 Thread 0x00007f5ff02a1800 nmethod 449 0x00007f5fd8e94490 code [0x00007f5fd8e946e0, 0x00007f5fd8e94ff0]
Event: 0.159 Thread 0x00007f5ff02a1800  441       3       org.codehaus.plexus.classworlds.realm.ClassRealm::loadClass (7 bytes)
Event: 0.160 Thread 0x00007f5ff029f800 nmethod 418 0x00007f5fe032f790 code [0x00007f5fe032f920, 0x00007f5fe032faf8]
Event: 0.160 Thread 0x00007f5ff029f800  439       4       java.lang.AbstractStringBuilder::ensureCapacityInternal (39 bytes)
Event: 0.160 Thread 0x00007f5ff02a1800 nmethod 441 0x00007f5fd8e95310 code [0x00007f5fd8e95500, 0x00007f5fd8e95830]
Event: 0.160 Thread 0x00007f5ff02a1800  453       3       java.util.StringTokenizer::scanToken (179 bytes)

GC Heap History (0 events):
No events

Deoptimization events (10 events):
Event: 0.040 Thread 0x00007f5ff0016800 Uncommon trap: trap_request=0xffffff4d fr.pc=0x00007f5fe0314224 relative=0x0000000000000184
Event: 0.040 Thread 0x00007f5ff0016800 Uncommon trap: reason=unstable_if action=reinterpret pc=0x00007f5fe0314224 method=java.lang.String.hashCode()I @ 14 c2
Event: 0.040 Thread 0x00007f5ff0016800 DEOPT PACKING pc=0x00007f5fe0314224 sp=0x00007f5ff70a7070
Event: 0.040 Thread 0x00007f5ff0016800 DEOPT UNPACKING pc=0x00007f5fd8891ea5 sp=0x00007f5ff70a7028 mode 2
Event: 0.081 Thread 0x00007f5ff0016800 DEOPT PACKING pc=0x00007f5fd8e0fe04 sp=0x00007f5ff70a5d70
Event: 0.081 Thread 0x00007f5ff0016800 DEOPT UNPACKING pc=0x00007f5fd889264a sp=0x00007f5ff70a5200 mode 0
Event: 0.119 Thread 0x00007f5ff0016800 DEOPT PACKING pc=0x00007f5fd8e3b2dd sp=0x00007f5ff70a5290
Event: 0.119 Thread 0x00007f5ff0016800 DEOPT UNPACKING pc=0x00007f5fd889264a sp=0x00007f5ff70a4730 mode 0
Event: 0.124 Thread 0x00007f5ff0016800 DEOPT PACKING pc=0x00007f5fd8e2873a sp=0x00007f5ff70a5c90
Event: 0.124 Thread 0x00007f5ff0016800 DEOPT UNPACKING pc=0x00007f5fd889264a sp=0x00007f5ff70a5118 mode 0

Classes redefined (0 events):
No events

Internal exceptions (12 events):
Event: 0.092 Thread 0x00007f5ff0016800 Exception <a 'java/lang/NoSuchMethodError'{0x000000062ba04670}: 'int java.lang.invoke.DirectMethodHandle$Holder.invokeSpecialIFC(java.lang.Object, java.lang.Object, int)'> (0x000000062ba04670) thrown at [src/hotspot/share/interpreter/linkResolver.cpp, line 772]
Event: 0.097 Thread 0x00007f5ff0016800 Exception <a 'java/lang/NullPointerException'{0x000000062ba63ba0}> (0x000000062ba63ba0) thrown at [src/hotspot/share/interpreter/linkResolver.cpp, line 1358]
Event: 0.108 Thread 0x00007f5ff0016800 Exception <a 'java/lang/NullPointerException'{0x000000062babdaa0}> (0x000000062babdaa0) thrown at [src/hotspot/share/interpreter/linkResolver.cpp, line 1358]
Event: 0.108 Thread 0x00007f5ff0016800 Exception <a 'java/lang/NullPointerException'{0x000000062babdd70}> (0x000000062babdd70) thrown at [src/hotspot/share/interpreter/linkResolver.cpp, line 1358]
Event: 0.108 Thread 0x00007f5ff0016800 Exception <a 'java/lang/NullPointerException'{0x000000062babe040}> (0x000000062babe040) thrown at [src/hotspot/share/interpreter/linkResolver.cpp, line 1358]
Event: 0.108 Thread 0x00007f5ff0016800 Exception <a 'java/lang/NullPointerException'{0x000000062bac4330}> (0x000000062bac4330) thrown at [src/hotspot/share/interpreter/linkResolver.cpp, line 1358]
Event: 0.109 Thread 0x00007f5ff0016800 Exception <a 'java/lang/NullPointerException'{0x000000062bada9b0}> (0x000000062bada9b0) thrown at [src/hotspot/share/interpreter/linkResolver.cpp, line 1358]
Event: 0.109 Thread 0x00007f5ff0016800 Exception <a 'java/lang/NullPointerException'{0x000000062badac80}> (0x000000062badac80) thrown at [src/hotspot/share/interpreter/linkResolver.cpp, line 1358]
Event: 0.109 Thread 0x00007f5ff0016800 Exception <a 'java/lang/NullPointerException'{0x000000062badaf50}> (0x000000062badaf50) thrown at [src/hotspot/share/interpreter/linkResolver.cpp, line 1358]
Event: 0.109 Thread 0x00007f5ff0016800 Exception <a 'java/lang/NullPointerException'{0x000000062badb288}> (0x000000062badb288) thrown at [src/hotspot/share/interpreter/linkResolver.cpp, line 1358]
Event: 0.132 Thread 0x00007f5ff0016800 Exception <a 'java/lang/NullPointerException'{0x000000062b88a570}> (0x000000062b88a570) thrown at [src/hotspot/share/interpreter/linkResolver.cpp, line 1358]
Event: 0.132 Thread 0x00007f5ff0016800 Exception <a 'java/lang/NullPointerException'{0x000000062b892bf8}> (0x000000062b892bf8) thrown at [src/hotspot/share/interpreter/linkResolver.cpp, line 1358]

Events (20 events):
Event: 0.159 loading class java/util/ServiceLoader$2 done
Event: 0.159 loading class java/util/ServiceLoader$3
Event: 0.159 loading class java/util/ServiceLoader$3 done
Event: 0.159 loading class jdk/internal/module/ModulePatcher$PatchedModuleReader
Event: 0.159 loading class jdk/internal/module/ModulePatcher$PatchedModuleReader done
Event: 0.160 loading class java/util/ServiceLoader$1
Event: 0.160 loading class java/util/ServiceLoader$1 done
Event: 0.160 loading class java/util/ServiceLoader$ProviderImpl
Event: 0.160 loading class java/util/ServiceLoader$Provider
Event: 0.160 loading class java/util/ServiceLoader$Provider done
Event: 0.160 loading class java/util/ServiceLoader$ProviderImpl done
Event: 0.160 loading class sun/util/locale/provider/CalendarProviderImpl
Event: 0.160 loading class sun/util/locale/provider/AvailableLanguageTags
Event: 0.160 loading class sun/util/locale/provider/AvailableLanguageTags done
Event: 0.160 loading class sun/util/locale/provider/CalendarProviderImpl done
Event: 0.160 loading class java/util/StringTokenizer
Event: 0.160 loading class java/util/StringTokenizer done
Event: 0.161 loading class java/util/Calendar$Builder
Event: 0.161 loading class java/util/Calendar$Builder done
Event: 0.161 loading class java/util/GregorianCalendar


Dynamic libraries:
60cc00000-62c000000 rw-p 00000000 00:00 0 
62c000000-800000000 ---p 00000000 00:00 0 
800000000-8000e0000 rw-p 00000000 00:00 0 
8000e0000-840000000 ---p 00000000 00:00 0 
55fef5e8c000-55fef5e8d000 r--p 00000000 00:20 769604                     /usr/lib/sdk/openjdk11/jvm/openjdk-11.0.14/bin/java
55fef5e8d000-55fef5e8e000 r-xp 00001000 00:20 769604                     /usr/lib/sdk/openjdk11/jvm/openjdk-11.0.14/bin/java
55fef5e8e000-55fef5e8f000 r--p 00002000 00:20 769604                     /usr/lib/sdk/openjdk11/jvm/openjdk-11.0.14/bin/java
55fef5e8f000-55fef5e90000 r--p 00002000 00:20 769604                     /usr/lib/sdk/openjdk11/jvm/openjdk-11.0.14/bin/java
55fef5e90000-55fef5e91000 rw-p 00003000 00:20 769604                     /usr/lib/sdk/openjdk11/jvm/openjdk-11.0.14/bin/java
55fef75b7000-55fef75d8000 rw-p 00000000 00:00 0                          [heap]
7f5f84000000-7f5f84021000 rw-p 00000000 00:00 0 
7f5f84021000-7f5f88000000 ---p 00000000 00:00 0 
7f5f8bdfd000-7f5f8be00000 r-xp 00000000 00:40 9606                       /tmp/jansi-2.4.0-9dec608738738741-libjansi.so
7f5f8be00000-7f5f8bfff000 ---p 00003000 00:40 9606                       /tmp/jansi-2.4.0-9dec608738738741-libjansi.so
7f5f8bfff000-7f5f8c000000 rw-p 00002000 00:40 9606                       /tmp/jansi-2.4.0-9dec608738738741-libjansi.so
7f5f8c000000-7f5f8c021000 rw-p 00000000 00:00 0 
7f5f8c021000-7f5f90000000 ---p 00000000 00:00 0 
7f5f90000000-7f5f90021000 rw-p 00000000 00:00 0 
7f5f90021000-7f5f94000000 ---p 00000000 00:00 0 
7f5f94000000-7f5f94378000 rw-p 00000000 00:00 0 
7f5f94378000-7f5f98000000 ---p 00000000 00:00 0 
7f5f98000000-7f5f9838e000 rw-p 00000000 00:00 0 
7f5f9838e000-7f5f9c000000 ---p 00000000 00:00 0 
7f5f9c000000-7f5f9c021000 rw-p 00000000 00:00 0 
7f5f9c021000-7f5fa0000000 ---p 00000000 00:00 0 
7f5fa0000000-7f5fa0021000 rw-p 00000000 00:00 0 
7f5fa0021000-7f5fa4000000 ---p 00000000 00:00 0 
7f5fa4000000-7f5fa4021000 rw-p 00000000 00:00 0 
7f5fa4021000-7f5fa8000000 ---p 00000000 00:00 0 
7f5fa8000000-7f5fa8021000 rw-p 00000000 00:00 0 
7f5fa8021000-7f5fac000000 ---p 00000000 00:00 0 
7f5fac000000-7f5fac021000 rw-p 00000000 00:00 0 
7f5fac021000-7f5fb0000000 ---p 00000000 00:00 0 
7f5fb0000000-7f5fb0021000 rw-p 00000000 00:00 0 
7f5fb0021000-7f5fb4000000 ---p 00000000 00:00 0 
7f5fb4000000-7f5fb4021000 rw-p 00000000 00:00 0 
7f5fb4021000-7f5fb8000000 ---p 00000000 00:00 0 
7f5fb8000000-7f5fb8021000 rw-p 00000000 00:00 0 
7f5fb8021000-7f5fbc000000 ---p 00000000 00:00 0 
7f5fbc000000-7f5fbc021000 rw-p 00000000 00:00 0 
7f5fbc021000-7f5fc0000000 ---p 00000000 00:00 0 
7f5fc0039000-7f5fc006a000 rw-p 00000000 00:00 0 
7f5fc006a000-7f5fc006e000 ---p 00000000 00:00 0 
7f5fc006e000-7f5fc016b000 rw-p 00000000 00:00 0 
7f5fc016b000-7f5fc016c000 ---p 00000000 00:00 0 
7f5fc016c000-7f5fc026d000 rw-p 00000000 00:00 0 
7f5fc026d000-7f5fc0271000 ---p 00000000 00:00 0 
7f5fc0271000-7f5fc036e000 rw-p 00000000 00:00 0 
7f5fc036e000-7f5fc0372000 ---p 00000000 00:00 0 
7f5fc0372000-7f5fc046f000 rw-p 00000000 00:00 0 
7f5fc046f000-7f5fc0473000 ---p 00000000 00:00 0 
7f5fc0473000-7f5fc0570000 rw-p 00000000 00:00 0 
7f5fc0570000-7f5fc0574000 ---p 00000000 00:00 0 
7f5fc0574000-7f5fc0671000 rw-p 00000000 00:00 0 
7f5fc0671000-7f5fc0675000 ---p 00000000 00:00 0 
7f5fc0675000-7f5fc0772000 rw-p 00000000 00:00 0 
7f5fc0772000-7f5fc07c7000 r--p 00000000 00:20 273818                     /usr/lib/locale/en_US.utf8/LC_CTYPE
7f5fc07c7000-7f5fc0a3f000 r--p 00000000 00:20 275341                     /usr/lib/locale/en_US.utf8/LC_COLLATE
7f5fc0a3f000-7f5fc0a43000 ---p 00000000 00:00 0 
7f5fc0a43000-7f5fc0b40000 rw-p 00000000 00:00 0 
7f5fc0b40000-7f5fc0b44000 ---p 00000000 00:00 0 
7f5fc0b44000-7f5fc0c41000 rw-p 00000000 00:00 0 
7f5fc0c41000-7f5fc0c42000 ---p 00000000 00:00 0 
7f5fc0c42000-7f5fc1584000 rw-p 00000000 00:00 0 
7f5fc1584000-7f5fc15c4000 ---p 00000000 00:00 0 
7f5fc15c4000-7f5fc15c5000 ---p 00000000 00:00 0 
7f5fc15c5000-7f5fc3e96000 rw-p 00000000 00:00 0 
7f5fc3e96000-7f5fcb396000 ---p 00000000 00:00 0 
7f5fcb396000-7f5fcbb66000 rw-p 00000000 00:00 0 
7f5fcbb66000-7f5fd3066000 ---p 00000000 00:00 0 
7f5fd3066000-7f5fd3160000 rw-p 00000000 00:00 0 
7f5fd3160000-7f5fd4000000 ---p 00000000 00:00 0 
7f5fd4000000-7f5fd4021000 rw-p 00000000 00:00 0 
7f5fd4021000-7f5fd8000000 ---p 00000000 00:00 0 
7f5fd8012000-7f5fd8016000 r--p 00000000 00:20 769883                     /usr/lib/sdk/openjdk11/jvm/openjdk-11.0.14/lib/libnet.so
7f5fd8016000-7f5fd8025000 r-xp 00004000 00:20 769883                     /usr/lib/sdk/openjdk11/jvm/openjdk-11.0.14/lib/libnet.so
7f5fd8025000-7f5fd8029000 r--p 00013000 00:20 769883                     /usr/lib/sdk/openjdk11/jvm/openjdk-11.0.14/lib/libnet.so
7f5fd8029000-7f5fd802a000 r--p 00016000 00:20 769883                     /usr/lib/sdk/openjdk11/jvm/openjdk-11.0.14/lib/libnet.so
7f5fd802a000-7f5fd802b000 rw-p 00017000 00:20 769883                     /usr/lib/sdk/openjdk11/jvm/openjdk-11.0.14/lib/libnet.so
7f5fd802b000-7f5fd8032000 r--p 00000000 00:20 769532                     /usr/lib/sdk/openjdk11/jvm/openjdk-11.0.14/lib/libnio.so
7f5fd8032000-7f5fd803a000 r-xp 00007000 00:20 769532                     /usr/lib/sdk/openjdk11/jvm/openjdk-11.0.14/lib/libnio.so
7f5fd803a000-7f5fd803d000 r--p 0000f000 00:20 769532                     /usr/lib/sdk/openjdk11/jvm/openjdk-11.0.14/lib/libnio.so
7f5fd803d000-7f5fd803e000 r--p 00011000 00:20 769532                     /usr/lib/sdk/openjdk11/jvm/openjdk-11.0.14/lib/libnio.so
7f5fd803e000-7f5fd803f000 rw-p 00012000 00:20 769532                     /usr/lib/sdk/openjdk11/jvm/openjdk-11.0.14/lib/libnio.so
7f5fd803f000-7f5fd8040000 ---p 00000000 00:00 0 
7f5fd8040000-7f5fd8848000 rw-p 00000000 00:00 0 
7f5fd8848000-7f5fd8ab8000 rwxp 00000000 00:00 0 
7f5fd8ab8000-7f5fd8dd9000 ---p 00000000 00:00 0 
7f5fd8dd9000-7f5fd9049000 rwxp 00000000 00:00 0 
7f5fd9049000-7f5fe0310000 ---p 00000000 00:00 0 
7f5fe0310000-7f5fe0580000 rwxp 00000000 00:00 0 
7f5fe0580000-7f5fe7848000 ---p 00000000 00:00 0 
7f5fe7848000-7f5ff0000000 r--s 00000000 00:20 770048                     /usr/lib/sdk/openjdk11/jvm/openjdk-11.0.14/lib/modules
7f5ff0000000-7f5ff0777000 rw-p 00000000 00:00 0 
7f5ff0777000-7f5ff4000000 ---p 00000000 00:00 0 
7f5ff4008000-7f5ff41ce000 rw-p 00000000 00:00 0 
7f5ff41ce000-7f5ff41cf000 ---p 00000000 00:00 0 
7f5ff41cf000-7f5ff42d0000 rw-p 00000000 00:00 0 
7f5ff42d0000-7f5ff42d1000 ---p 00000000 00:00 0 
7f5ff42d1000-7f5ff45ce000 rw-p 00000000 00:00 0 
7f5ff45ce000-7f5ff546e000 ---p 00000000 00:00 0 
7f5ff546e000-7f5ff5568000 rw-p 00000000 00:00 0 
7f5ff5568000-7f5ff6408000 ---p 00000000 00:00 0 
7f5ff6408000-7f5ff6c4f000 rw-p 00000000 00:00 0 
7f5ff6c4f000-7f5ff6c50000 ---p 00000000 00:00 0 
7f5ff6c50000-7f5ff6d56000 rw-p 00000000 00:00 0 
7f5ff6d56000-7f5ff6e3c000 ---p 00000000 00:00 0 
7f5ff6e3c000-7f5ff6e41000 rw-p 00000000 00:00 0 
7f5ff6e41000-7f5ff6f27000 ---p 00000000 00:00 0 
7f5ff6f27000-7f5ff6f2c000 rw-p 00000000 00:00 0 
7f5ff6f2c000-7f5ff6f33000 ---p 00000000 00:00 0 
7f5ff6f33000-7f5ff6f35000 r--p 00000000 00:20 769861                     /usr/lib/sdk/openjdk11/jvm/openjdk-11.0.14/lib/libzip.so
7f5ff6f35000-7f5ff6f39000 r-xp 00002000 00:20 769861                     /usr/lib/sdk/openjdk11/jvm/openjdk-11.0.14/lib/libzip.so
7f5ff6f39000-7f5ff6f3b000 r--p 00006000 00:20 769861                     /usr/lib/sdk/openjdk11/jvm/openjdk-11.0.14/lib/libzip.so
7f5ff6f3b000-7f5ff6f3c000 r--p 00007000 00:20 769861                     /usr/lib/sdk/openjdk11/jvm/openjdk-11.0.14/lib/libzip.so
7f5ff6f3c000-7f5ff6f3d000 rw-p 00008000 00:20 769861                     /usr/lib/sdk/openjdk11/jvm/openjdk-11.0.14/lib/libzip.so
7f5ff6f3d000-7f5ff6f40000 r--p 00000000 00:20 264497                     /usr/lib/x86_64-linux-gnu/libnss_files-2.33.so
7f5ff6f40000-7f5ff6f47000 r-xp 00003000 00:20 264497                     /usr/lib/x86_64-linux-gnu/libnss_files-2.33.so
7f5ff6f47000-7f5ff6f49000 r--p 0000a000 00:20 264497                     /usr/lib/x86_64-linux-gnu/libnss_files-2.33.so
7f5ff6f49000-7f5ff6f4a000 r--p 0000b000 00:20 264497                     /usr/lib/x86_64-linux-gnu/libnss_files-2.33.so
7f5ff6f4a000-7f5ff6f4b000 rw-p 0000c000 00:20 264497                     /usr/lib/x86_64-linux-gnu/libnss_files-2.33.so
7f5ff6f4b000-7f5ff6f51000 rw-p 00000000 00:00 0 
7f5ff6f52000-7f5ff6f53000 r--p 00000000 00:20 270038                     /usr/lib/locale/en_US.utf8/LC_NUMERIC
7f5ff6f53000-7f5ff6f54000 r--p 00000000 00:20 267037                     /usr/lib/locale/en_US.utf8/LC_TIME
7f5ff6f54000-7f5ff6f55000 r--p 00000000 00:20 270856                     /usr/lib/locale/en_US.utf8/LC_MONETARY
7f5ff6f55000-7f5ff6f56000 r--p 00000000 00:20 263879                     /usr/lib/locale/en_US.utf8/LC_MESSAGES/SYS_LC_MESSAGES
7f5ff6f56000-7f5ff6f57000 r--p 00000000 00:20 265103                     /usr/lib/locale/en_US.utf8/LC_PAPER
7f5ff6f57000-7f5ff6f58000 r--p 00000000 00:20 264518                     /usr/lib/locale/en_US.utf8/LC_NAME
7f5ff6f58000-7f5ff6f60000 rw-s 00000000 00:40 9604                       /tmp/hsperfdata_marthinus/408071
7f5ff6f60000-7f5ff6f6e000 r--p 00000000 00:20 769738                     /usr/lib/sdk/openjdk11/jvm/openjdk-11.0.14/lib/libjava.so
7f5ff6f6e000-7f5ff6f84000 r-xp 0000e000 00:20 769738                     /usr/lib/sdk/openjdk11/jvm/openjdk-11.0.14/lib/libjava.so
7f5ff6f84000-7f5ff6f8a000 r--p 00024000 00:20 769738                     /usr/lib/sdk/openjdk11/jvm/openjdk-11.0.14/lib/libjava.so
7f5ff6f8a000-7f5ff6f8b000 ---p 0002a000 00:20 769738                     /usr/lib/sdk/openjdk11/jvm/openjdk-11.0.14/lib/libjava.so
7f5ff6f8b000-7f5ff6f8c000 r--p 0002a000 00:20 769738                     /usr/lib/sdk/openjdk11/jvm/openjdk-11.0.14/lib/libjava.so
7f5ff6f8c000-7f5ff6f8d000 rw-p 0002b000 00:20 769738                     /usr/lib/sdk/openjdk11/jvm/openjdk-11.0.14/lib/libjava.so
7f5ff6f8d000-7f5ff6f8e000 rw-p 00000000 00:00 0 
7f5ff6f8e000-7f5ff6f93000 r--p 00000000 00:20 769665                     /usr/lib/sdk/openjdk11/jvm/openjdk-11.0.14/lib/libverify.so
7f5ff6f93000-7f5ff6f9a000 r-xp 00005000 00:20 769665                     /usr/lib/sdk/openjdk11/jvm/openjdk-11.0.14/lib/libverify.so
7f5ff6f9a000-7f5ff6f9c000 r--p 0000c000 00:20 769665                     /usr/lib/sdk/openjdk11/jvm/openjdk-11.0.14/lib/libverify.so
7f5ff6f9c000-7f5ff6f9e000 r--p 0000d000 00:20 769665                     /usr/lib/sdk/openjdk11/jvm/openjdk-11.0.14/lib/libverify.so
7f5ff6f9e000-7f5ff6f9f000 rw-p 0000f000 00:20 769665                     /usr/lib/sdk/openjdk11/jvm/openjdk-11.0.14/lib/libverify.so
7f5ff6f9f000-7f5ff6fa1000 r--p 00000000 00:20 272960                     /usr/lib/x86_64-linux-gnu/librt-2.33.so
7f5ff6fa1000-7f5ff6fa5000 r-xp 00002000 00:20 272960                     /usr/lib/x86_64-linux-gnu/librt-2.33.so
7f5ff6fa5000-7f5ff6fa7000 r--p 00006000 00:20 272960                     /usr/lib/x86_64-linux-gnu/librt-2.33.so
7f5ff6fa7000-7f5ff6fa8000 r--p 00007000 00:20 272960                     /usr/lib/x86_64-linux-gnu/librt-2.33.so
7f5ff6fa8000-7f5ff6fa9000 rw-p 00008000 00:20 272960                     /usr/lib/x86_64-linux-gnu/librt-2.33.so
7f5ff6fa9000-7f5ff6fad000 ---p 00000000 00:00 0 
7f5ff6fad000-7f5ff70aa000 rw-p 00000000 00:00 0 
7f5ff70aa000-7f5ff70ad000 r--p 00000000 00:20 264983                     /usr/lib/x86_64-linux-gnu/libgcc_s.so.1
7f5ff70ad000-7f5ff70bf000 r-xp 00003000 00:20 264983                     /usr/lib/x86_64-linux-gnu/libgcc_s.so.1
7f5ff70bf000-7f5ff70c2000 r--p 00015000 00:20 264983                     /usr/lib/x86_64-linux-gnu/libgcc_s.so.1
7f5ff70c2000-7f5ff70c3000 r--p 00017000 00:20 264983                     /usr/lib/x86_64-linux-gnu/libgcc_s.so.1
7f5ff70c3000-7f5ff70c4000 rw-p 00018000 00:20 264983                     /usr/lib/x86_64-linux-gnu/libgcc_s.so.1
7f5ff70c4000-7f5ff70d1000 r--p 00000000 00:20 262321                     /usr/lib/x86_64-linux-gnu/libm-2.33.so
7f5ff70d1000-7f5ff7170000 r-xp 0000d000 00:20 262321                     /usr/lib/x86_64-linux-gnu/libm-2.33.so
7f5ff7170000-7f5ff720b000 r--p 000ac000 00:20 262321                     /usr/lib/x86_64-linux-gnu/libm-2.33.so
7f5ff720b000-7f5ff720c000 r--p 00146000 00:20 262321                     /usr/lib/x86_64-linux-gnu/libm-2.33.so
7f5ff720c000-7f5ff720d000 rw-p 00147000 00:20 262321                     /usr/lib/x86_64-linux-gnu/libm-2.33.so
7f5ff720d000-7f5ff72ae000 r--p 00000000 00:20 276991                     /usr/lib/x86_64-linux-gnu/libstdc++.so.6.0.29
7f5ff72ae000-7f5ff73c0000 r-xp 000a1000 00:20 276991                     /usr/lib/x86_64-linux-gnu/libstdc++.so.6.0.29
7f5ff73c0000-7f5ff742b000 r--p 001b3000 00:20 276991                     /usr/lib/x86_64-linux-gnu/libstdc++.so.6.0.29
7f5ff742b000-7f5ff742c000 ---p 0021e000 00:20 276991                     /usr/lib/x86_64-linux-gnu/libstdc++.so.6.0.29
7f5ff742c000-7f5ff7437000 r--p 0021e000 00:20 276991                     /usr/lib/x86_64-linux-gnu/libstdc++.so.6.0.29
7f5ff7437000-7f5ff743a000 rw-p 00229000 00:20 276991                     /usr/lib/x86_64-linux-gnu/libstdc++.so.6.0.29
7f5ff743a000-7f5ff743d000 rw-p 00000000 00:00 0 
7f5ff743d000-7f5ff76c0000 r--p 00000000 00:20 770047                     /usr/lib/sdk/openjdk11/jvm/openjdk-11.0.14/lib/server/libjvm.so
7f5ff76c0000-7f5ff8399000 r-xp 00283000 00:20 770047                     /usr/lib/sdk/openjdk11/jvm/openjdk-11.0.14/lib/server/libjvm.so
7f5ff8399000-7f5ff85f4000 r--p 00f5c000 00:20 770047                     /usr/lib/sdk/openjdk11/jvm/openjdk-11.0.14/lib/server/libjvm.so
7f5ff85f4000-7f5ff85f5000 ---p 011b7000 00:20 770047                     /usr/lib/sdk/openjdk11/jvm/openjdk-11.0.14/lib/server/libjvm.so
7f5ff85f5000-7f5ff86b9000 r--p 011b7000 00:20 770047                     /usr/lib/sdk/openjdk11/jvm/openjdk-11.0.14/lib/server/libjvm.so
7f5ff86b9000-7f5ff86f4000 rw-p 0127b000 00:20 770047                     /usr/lib/sdk/openjdk11/jvm/openjdk-11.0.14/lib/server/libjvm.so
7f5ff86f4000-7f5ff874d000 rw-p 00000000 00:00 0 
7f5ff874d000-7f5ff876f000 r--p 00000000 00:20 274844                     /usr/lib/x86_64-linux-gnu/libc-2.33.so
7f5ff876f000-7f5ff88d3000 r-xp 00022000 00:20 274844                     /usr/lib/x86_64-linux-gnu/libc-2.33.so
7f5ff88d3000-7f5ff891e000 r--p 00186000 00:20 274844                     /usr/lib/x86_64-linux-gnu/libc-2.33.so
7f5ff891e000-7f5ff8922000 r--p 001d0000 00:20 274844                     /usr/lib/x86_64-linux-gnu/libc-2.33.so
7f5ff8922000-7f5ff8924000 rw-p 001d4000 00:20 274844                     /usr/lib/x86_64-linux-gnu/libc-2.33.so
7f5ff8924000-7f5ff892d000 rw-p 00000000 00:00 0 
7f5ff892d000-7f5ff892e000 r--p 00000000 00:20 273153                     /usr/lib/x86_64-linux-gnu/libdl-2.33.so
7f5ff892e000-7f5ff8930000 r-xp 00001000 00:20 273153                     /usr/lib/x86_64-linux-gnu/libdl-2.33.so
7f5ff8930000-7f5ff8931000 r--p 00003000 00:20 273153                     /usr/lib/x86_64-linux-gnu/libdl-2.33.so
7f5ff8931000-7f5ff8932000 r--p 00003000 00:20 273153                     /usr/lib/x86_64-linux-gnu/libdl-2.33.so
7f5ff8932000-7f5ff8933000 rw-p 00004000 00:20 273153                     /usr/lib/x86_64-linux-gnu/libdl-2.33.so
7f5ff8933000-7f5ff8936000 r--p 00000000 00:20 769953                     /usr/lib/sdk/openjdk11/jvm/openjdk-11.0.14/lib/jli/libjli.so
7f5ff8936000-7f5ff8940000 r-xp 00003000 00:20 769953                     /usr/lib/sdk/openjdk11/jvm/openjdk-11.0.14/lib/jli/libjli.so
7f5ff8940000-7f5ff8943000 r--p 0000d000 00:20 769953                     /usr/lib/sdk/openjdk11/jvm/openjdk-11.0.14/lib/jli/libjli.so
7f5ff8943000-7f5ff8944000 ---p 00010000 00:20 769953                     /usr/lib/sdk/openjdk11/jvm/openjdk-11.0.14/lib/jli/libjli.so
7f5ff8944000-7f5ff8945000 r--p 00010000 00:20 769953                     /usr/lib/sdk/openjdk11/jvm/openjdk-11.0.14/lib/jli/libjli.so
7f5ff8945000-7f5ff8946000 rw-p 00011000 00:20 769953                     /usr/lib/sdk/openjdk11/jvm/openjdk-11.0.14/lib/jli/libjli.so
7f5ff8946000-7f5ff894c000 r--p 00000000 00:20 270383                     /usr/lib/x86_64-linux-gnu/libpthread-2.33.so
7f5ff894c000-7f5ff895b000 r-xp 00006000 00:20 270383                     /usr/lib/x86_64-linux-gnu/libpthread-2.33.so
7f5ff895b000-7f5ff8960000 r--p 00015000 00:20 270383                     /usr/lib/x86_64-linux-gnu/libpthread-2.33.so
7f5ff8960000-7f5ff8961000 ---p 0001a000 00:20 270383                     /usr/lib/x86_64-linux-gnu/libpthread-2.33.so
7f5ff8961000-7f5ff8962000 r--p 0001a000 00:20 270383                     /usr/lib/x86_64-linux-gnu/libpthread-2.33.so
7f5ff8962000-7f5ff8963000 rw-p 0001b000 00:20 270383                     /usr/lib/x86_64-linux-gnu/libpthread-2.33.so
7f5ff8963000-7f5ff8967000 rw-p 00000000 00:00 0 
7f5ff8967000-7f5ff896a000 r--p 00000000 00:20 271527                     /usr/lib/x86_64-linux-gnu/libz.so.1.2.11
7f5ff896a000-7f5ff8978000 r-xp 00003000 00:20 271527                     /usr/lib/x86_64-linux-gnu/libz.so.1.2.11
7f5ff8978000-7f5ff897e000 r--p 00011000 00:20 271527                     /usr/lib/x86_64-linux-gnu/libz.so.1.2.11
7f5ff897e000-7f5ff897f000 r--p 00016000 00:20 271527                     /usr/lib/x86_64-linux-gnu/libz.so.1.2.11
7f5ff897f000-7f5ff8980000 rw-p 00017000 00:20 271527                     /usr/lib/x86_64-linux-gnu/libz.so.1.2.11
7f5ff8980000-7f5ff8981000 r--p 00000000 00:20 265876                     /usr/lib/locale/en_US.utf8/LC_ADDRESS
7f5ff8981000-7f5ff8982000 r--p 00000000 00:20 262510                     /usr/lib/locale/en_US.utf8/LC_TELEPHONE
7f5ff8982000-7f5ff8983000 r--p 00000000 00:20 274083                     /usr/lib/locale/en_US.utf8/LC_MEASUREMENT
7f5ff8983000-7f5ff8984000 r--p 00000000 00:20 270592                     /usr/lib/locale/en_US.utf8/LC_IDENTIFICATION
7f5ff8984000-7f5ff8985000 ---p 00000000 00:00 0 
7f5ff8985000-7f5ff8986000 r--p 00000000 00:00 0 
7f5ff8986000-7f5ff8988000 r--p 00000000 00:20 769755                     /usr/lib/sdk/openjdk11/jvm/openjdk-11.0.14/lib/libjimage.so
7f5ff8988000-7f5ff898b000 r-xp 00002000 00:20 769755                     /usr/lib/sdk/openjdk11/jvm/openjdk-11.0.14/lib/libjimage.so
7f5ff898b000-7f5ff898c000 r--p 00005000 00:20 769755                     /usr/lib/sdk/openjdk11/jvm/openjdk-11.0.14/lib/libjimage.so
7f5ff898c000-7f5ff898d000 ---p 00006000 00:20 769755                     /usr/lib/sdk/openjdk11/jvm/openjdk-11.0.14/lib/libjimage.so
7f5ff898d000-7f5ff898e000 r--p 00006000 00:20 769755                     /usr/lib/sdk/openjdk11/jvm/openjdk-11.0.14/lib/libjimage.so
7f5ff898e000-7f5ff898f000 rw-p 00007000 00:20 769755                     /usr/lib/sdk/openjdk11/jvm/openjdk-11.0.14/lib/libjimage.so
7f5ff898f000-7f5ff8991000 rw-p 00000000 00:00 0 
7f5ff8991000-7f5ff8992000 r--p 00000000 00:20 272333                     /usr/lib/x86_64-linux-gnu/ld-2.33.so
7f5ff8992000-7f5ff89b8000 r-xp 00001000 00:20 272333                     /usr/lib/x86_64-linux-gnu/ld-2.33.so
7f5ff89b8000-7f5ff89c1000 r--p 00027000 00:20 272333                     /usr/lib/x86_64-linux-gnu/ld-2.33.so
7f5ff89c1000-7f5ff89c3000 r--p 0002f000 00:20 272333                     /usr/lib/x86_64-linux-gnu/ld-2.33.so
7f5ff89c3000-7f5ff89c5000 rw-p 00031000 00:20 272333                     /usr/lib/x86_64-linux-gnu/ld-2.33.so
7ffef6969000-7ffef698b000 rw-p 00000000 00:00 0                          [stack]
7ffef69c3000-7ffef69c7000 r--p 00000000 00:00 0                          [vvar]
7ffef69c7000-7ffef69c9000 r-xp 00000000 00:00 0                          [vdso]
ffffffffff600000-ffffffffff601000 --xp 00000000 00:00 0                  [vsyscall]


VM Arguments:
jvm_args: -Dclassworlds.conf=/usr/lib/sdk/openjdk11/maven/bin/m2.conf -Dmaven.home=/usr/lib/sdk/openjdk11/maven -Dlibrary.jansi.path=/usr/lib/sdk/openjdk11/maven/lib/jansi-native -Dmaven.multiModuleProjectDirectory=/home/marthinus/.var/app/com.visualstudio.code/data/tmc/vscode/mooc-java-programming-i/part05-Part05_06.OverloadedCounter 
java_command: org.codehaus.plexus.classworlds.launcher.Launcher --batch-mode clean compile test-compile
java_class_path (initial): /usr/lib/sdk/openjdk11/maven/boot/plexus-classworlds-2.6.0.jar
Launcher Type: SUN_STANDARD

[Global flags]
     intx CICompilerCount                          = 4                                         {product} {ergonomic}
     uint ConcGCThreads                            = 2                                         {product} {ergonomic}
     uint G1ConcRefinementThreads                  = 8                                         {product} {ergonomic}
   size_t G1HeapRegionSize                         = 2097152                                   {product} {ergonomic}
    uintx GCDrainStackTargetSize                   = 64                                        {product} {ergonomic}
   size_t InitialHeapSize                          = 524288000                                 {product} {ergonomic}
   size_t MarkStackSize                            = 4194304                                   {product} {ergonomic}
   size_t MaxHeapSize                              = 8376025088                                {product} {ergonomic}
   size_t MaxNewSize                               = 5024776192                                {product} {ergonomic}
   size_t MinHeapDeltaBytes                        = 2097152                                   {product} {ergonomic}
    uintx NonNMethodCodeHeapSize                   = 5836300                                {pd product} {ergonomic}
    uintx NonProfiledCodeHeapSize                  = 122910970                              {pd product} {ergonomic}
    uintx ProfiledCodeHeapSize                     = 122910970                              {pd product} {ergonomic}
    uintx ReservedCodeCacheSize                    = 251658240                              {pd product} {ergonomic}
     bool SegmentedCodeCache                       = true                                      {product} {ergonomic}
     bool UseCompressedClassPointers               = true                                 {lp64_product} {ergonomic}
     bool UseCompressedOops                        = true                                 {lp64_product} {ergonomic}
     bool UseG1GC                                  = true                                      {product} {ergonomic}

Logging:
Log output configuration:
 #0: stdout all=warning uptime,level,tags
 #1: stderr all=off uptime,level,tags

Environment Variables:
JAVA_HOME=/usr/lib/sdk/openjdk11/jvm/openjdk-11
PATH=/app/bin:/app/bin:/app/bin:/usr/bin:/usr/lib/sdk/rust-stable/bin:/usr/lib/sdk/golang/bin:/usr/lib/sdk/node16/bin:/usr/lib/sdk/openjdk11/bin:/home/marthinus/.var/app/com.visualstudio.code/data/node_modules/bin
USERNAME=marthinus
LD_LIBRARY_PATH=/app/lib
SHELL=/bin/sh
DISPLAY=:99.0
LANG=en_US.UTF-8

Signal Handlers:
SIGSEGV: [libjvm.so+0xee6390], sa_mask[0]=11111111011111111101111111111110, sa_flags=SA_RESTART|SA_SIGINFO
SIGBUS: [libjvm.so+0xee6390], sa_mask[0]=11111111011111111101111111111110, sa_flags=SA_RESTART|SA_SIGINFO
SIGFPE: [libjvm.so+0xee6390], sa_mask[0]=11111111011111111101111111111110, sa_flags=SA_RESTART|SA_SIGINFO
SIGPIPE: [libjvm.so+0xc4a550], sa_mask[0]=11111111011111111101111111111110, sa_flags=SA_RESTART|SA_SIGINFO
SIGXFSZ: [libjvm.so+0xc4a550], sa_mask[0]=11111111011111111101111111111110, sa_flags=SA_RESTART|SA_SIGINFO
SIGILL: [libjvm.so+0xee6390], sa_mask[0]=11111111011111111101111111111110, sa_flags=SA_RESTART|SA_SIGINFO
SIGUSR2: [libjvm.so+0xc4a3d0], sa_mask[0]=00000000000000000000000000000000, sa_flags=SA_RESTART|SA_SIGINFO
SIGHUP: [libjvm.so+0xc4a9b0], sa_mask[0]=11111111011111111101111111111110, sa_flags=SA_RESTART|SA_SIGINFO
SIGINT: [libjvm.so+0xc4a9b0], sa_mask[0]=11111111011111111101111111111110, sa_flags=SA_RESTART|SA_SIGINFO
SIGTERM: [libjvm.so+0xc4a9b0], sa_mask[0]=11111111011111111101111111111110, sa_flags=SA_RESTART|SA_SIGINFO
SIGQUIT: [libjvm.so+0xc4a9b0], sa_mask[0]=11111111011111111101111111111110, sa_flags=SA_RESTART|SA_SIGINFO


---------------  S Y S T E M  ---------------

OS:NAME=Freedesktop.org
VERSION="21.08.14 (Flatpak runtime)"
VERSION_ID=21.08.14
ID=org.freedesktop.platform
PRETTY_NAME="Freedesktop.org 21.08.14 (Flatpak runtime)"
BUG_REPORT_URL=https://gitlab.com/freedesktop-sdk/freedesktop-sdk/issues
uname:Linux 5.18.11-200.fc36.x86_64 #1 SMP PREEMPT_DYNAMIC Tue Jul 12 22:52:35 UTC 2022 x86_64
OS uptime: 0 days 11:24 hours
libc:glibc 2.33 NPTL 2.33 
rlimit (soft/hard): STACK 8192k/infinity , CORE infinity/infinity , NPROC 127618/127618 , NOFILE 524288/524288 , AS infinity/infinity , CPU infinity/infinity , DATA infinity/infinity , FSIZE infinity/infinity , MEMLOCK 8192k/8192k
load average:0.12 0.28 0.26

/proc/meminfo:
MemTotal:       32711144 kB
MemFree:        19041320 kB
MemAvailable:   27267024 kB
Buffers:            6300 kB
Cached:          8254456 kB
SwapCached:            0 kB
Active:          4225388 kB
Inactive:        8125900 kB
Active(anon):      37800 kB
Inactive(anon):  4272916 kB
Active(file):    4187588 kB
Inactive(file):  3852984 kB
Unevictable:        5648 kB
Mlocked:            5648 kB
SwapTotal:       8388604 kB
SwapFree:        8388604 kB
Dirty:              6912 kB
Writeback:             4 kB
AnonPages:       4096644 kB
Mapped:          1315788 kB
Shmem:            214816 kB
KReclaimable:     653036 kB
Slab:             894020 kB
SReclaimable:     653036 kB
SUnreclaim:       240984 kB
KernelStack:       18340 kB
PageTables:        49140 kB
NFS_Unstable:          0 kB
Bounce:                0 kB
WritebackTmp:          0 kB
CommitLimit:    24744176 kB
Committed_AS:   14583644 kB
VmallocTotal:   34359738367 kB
VmallocUsed:      113748 kB
VmallocChunk:          0 kB
Percpu:             8224 kB
HardwareCorrupted:     0 kB
AnonHugePages:         0 kB
ShmemHugePages:        0 kB
ShmemPmdMapped:        0 kB
FileHugePages:         0 kB
FilePmdMapped:         0 kB
CmaTotal:              0 kB
CmaFree:               0 kB
HugePages_Total:       0
HugePages_Free:        0
HugePages_Rsvd:        0
HugePages_Surp:        0
Hugepagesize:       2048 kB
Hugetlb:               0 kB
DirectMap4k:     1916060 kB
DirectMap2M:    14704640 kB
DirectMap1G:    16777216 kB

/sys/kernel/mm/transparent_hugepage/enabled:
<Not Available>
/sys/kernel/mm/transparent_hugepage/defrag (defrag/compaction efforts parameter):
<Not Available>

Process Memory:
Virtual Size: 11075336K (peak: 11138436K)
Resident Set Size: 56224K (peak: 56224K) (anon: 36352K, file: 19828K, shmem: 44K)
Swapped out: 0K
C-Heap outstanding allocations: 14138K

/proc/sys/kernel/threads-max (system-wide limit on the number of threads):
255236
/proc/sys/vm/max_map_count (maximum number of memory map areas a process may have):
65530
/proc/sys/kernel/pid_max (system-wide limit on number of process identifiers):
4194304

Steal ticks since vm start: 0
Steal ticks percentage since vm start:  0.000

CPU:total 8 (initial active 8) (4 cores per cpu, 2 threads per core) family 6 model 158 stepping 9 microcode 0xf0, cmov, cx8, fxsr, mmx, sse, sse2, sse3, ssse3, sse4.1, sse4.2, popcnt, avx, avx2, aes, clmul, erms, 3dnowpref, lzcnt, ht, tsc, tscinvbit, bmi1, bmi2, adx, fma
CPU Model and flags from /proc/cpuinfo:
model name	: Intel(R) Core(TM) i7-7700K CPU @ 4.20GHz
flags		: fpu vme de pse tsc msr pae mce cx8 apic sep mtrr pge mca cmov pat pse36 clflush dts acpi mmx fxsr sse sse2 ss ht tm pbe syscall nx pdpe1gb rdtscp lm constant_tsc art arch_perfmon pebs bts rep_good nopl xtopology nonstop_tsc cpuid aperfmperf pni pclmulqdq dtes64 monitor ds_cpl est tm2 ssse3 sdbg fma cx16 xtpr pdcm pcid sse4_1 sse4_2 x2apic movbe popcnt tsc_deadline_timer aes xsave avx f16c rdrand lahf_lm abm 3dnowprefetch cpuid_fault epb invpcid_single pti ssbd ibrs ibpb stibp fsgsbase tsc_adjust bmi1 avx2 smep bmi2 erms invpcid mpx rdseed adx smap clflushopt intel_pt xsaveopt xsavec xgetbv1 xsaves dtherm ida arat pln pts hwp hwp_notify hwp_act_window hwp_epp md_clear flush_l1d arch_capabilities
Online cpus:
0-7
Offline cpus:

BIOS frequency limitation:
<Not Available>
Frequency switch latency (ns):
0
Available cpu frequencies:
<Not Available>
Current governor:
powersave
Core performance/turbo boost:
<Not Available>

Memory: 4k page, physical 32711144k(19041320k free), swap 8388604k(8388604k free)

vm_info: OpenJDK 64-Bit Server VM (11.0.14+8) for linux-amd64 JRE (11.0.14+8), built on Jan 12 2022 23:30:55 by "buildbot" with gcc 11.2.0

END.
